2009. 10. 16 오후 2:53:24 org.apache.catalina.core.AprLifecycleListener init
심각: An incompatible version 1.1.6 of the Apache Tomcat Native library is installed, while Tomcat requires version 1.1.8 
2009. 10. 16 오후 2:53:24 org.apache.coyote.http11.Http11AprProtocol init
정보: Initializing Coyote HTTP/1.1 on http-8080
2009. 10. 16 오후 2:53:24 org.apache.coyote.ajp.AjpAprProtocol init
정보: Initializing Coyote AJP/1.3 on ajp-8009
2009. 10. 16 오후 2:53:24 org.apache.catalina.startup.Catalina load
정보: Initialization processed in 667 ms
2009. 10. 16 오후 2:53:24 org.apache.catalina.core.StandardService start
정보: Starting service Catalina
2009. 10. 16 오후 2:53:24 org.apache.catalina.core.StandardEngine start
정보: Starting Servlet Engine: Apache Tomcat/6.0.14
2009. 10. 16 오후 2:53:24 org.apache.catalina.startup.HostConfig deployWAR
정보: Deploying web application archive hudson.war
2009. 10. 16 오후 2:53:52 org.apache.catalina.core.AprLifecycleListener init
심각: An incompatible version 1.1.6 of the Apache Tomcat Native library is installed, while Tomcat requires version 1.1.8 
2009. 10. 16 오후 2:53:52 org.apache.coyote.http11.Http11AprProtocol init
정보: Initializing Coyote HTTP/1.1 on http-8080
2009. 10. 16 오후 2:53:52 org.apache.coyote.ajp.AjpAprProtocol init
정보: Initializing Coyote AJP/1.3 on ajp-8009
2009. 10. 16 오후 2:53:52 org.apache.catalina.startup.Catalina load
정보: Initialization processed in 360 ms
2009. 10. 16 오후 2:53:52 org.apache.catalina.core.StandardService start
정보: Starting service Catalina
2009. 10. 16 오후 2:53:52 org.apache.catalina.core.StandardEngine start
정보: Starting Servlet Engine: Apache Tomcat/6.0.14
2009. 10. 16 오후 2:53:52 org.apache.catalina.startup.HostConfig deployWAR
정보: Deploying web application archive hudson.war
2009. 10. 16 오후 2:53:53 org.apache.catalina.startup.HostConfig deployWAR
정보: Deploying web application archive nexus.war
2009. 10. 16 오후 2:53:59 org.apache.catalina.core.AprLifecycleListener init
심각: An incompatible version 1.1.6 of the Apache Tomcat Native library is installed, while Tomcat requires version 1.1.8 
2009. 10. 16 오후 2:54:00 org.apache.coyote.http11.Http11AprProtocol init
정보: Initializing Coyote HTTP/1.1 on http-8080
2009. 10. 16 오후 2:54:00 org.apache.coyote.ajp.AjpAprProtocol init
정보: Initializing Coyote AJP/1.3 on ajp-8009
2009. 10. 16 오후 2:54:00 org.apache.catalina.startup.Catalina load
정보: Initialization processed in 383 ms
2009. 10. 16 오후 2:54:00 org.apache.catalina.core.StandardService start
정보: Starting service Catalina
2009. 10. 16 오후 2:54:00 org.apache.catalina.core.StandardEngine start
정보: Starting Servlet Engine: Apache Tomcat/6.0.14
2009. 10. 16 오후 2:54:00 org.apache.catalina.startup.HostConfig deployWAR
정보: Deploying web application archive hudson.war
2009. 10. 16 오후 2:54:00 org.apache.catalina.startup.HostConfig deployWAR
정보: Deploying web application archive nexus.war
2009. 10. 16 오후 2:54:05 org.apache.catalina.core.AprLifecycleListener init
심각: An incompatible version 1.1.6 of the Apache Tomcat Native library is installed, while Tomcat requires version 1.1.8 
2009. 10. 16 오후 2:54:05 org.apache.coyote.http11.Http11AprProtocol init
정보: Initializing Coyote HTTP/1.1 on http-8080
2009. 10. 16 오후 2:54:05 org.apache.coyote.ajp.AjpAprProtocol init
정보: Initializing Coyote AJP/1.3 on ajp-8009
2009. 10. 16 오후 2:54:05 org.apache.catalina.startup.Catalina load
정보: Initialization processed in 352 ms
2009. 10. 16 오후 2:54:05 org.apache.catalina.core.StandardService start
정보: Starting service Catalina
2009. 10. 16 오후 2:54:05 org.apache.catalina.core.StandardEngine start
정보: Starting Servlet Engine: Apache Tomcat/6.0.14
2009. 10. 16 오후 2:54:05 org.apache.catalina.startup.HostConfig deployWAR
정보: Deploying web application archive hudson.war
2009. 10. 16 오후 2:54:05 org.apache.catalina.startup.HostConfig deployWAR
정보: Deploying web application archive nexus.war
2009. 10. 16 오후 2:54:38 org.apache.catalina.core.AprLifecycleListener init
심각: An incompatible version 1.1.6 of the Apache Tomcat Native library is installed, while Tomcat requires version 1.1.8 
2009. 10. 16 오후 2:54:38 org.apache.coyote.http11.Http11AprProtocol init
정보: Initializing Coyote HTTP/1.1 on http-8080
2009. 10. 16 오후 2:54:38 org.apache.coyote.ajp.AjpAprProtocol init
정보: Initializing Coyote AJP/1.3 on ajp-8009
2009. 10. 16 오후 2:54:38 org.apache.catalina.startup.Catalina load
정보: Initialization processed in 352 ms
2009. 10. 16 오후 2:54:39 org.apache.catalina.core.StandardService start
정보: Starting service Catalina
2009. 10. 16 오후 2:54:39 org.apache.catalina.core.StandardEngine start
정보: Starting Servlet Engine: Apache Tomcat/6.0.14
2009. 10. 16 오후 2:54:39 org.apache.catalina.startup.HostConfig deployWAR
정보: Deploying web application archive hudson.war
2009. 10. 16 오후 2:54:39 org.apache.catalina.startup.HostConfig deployWAR
정보: Deploying web application archive nexus.war
2009. 10. 16 오후 2:55:00 org.apache.catalina.core.AprLifecycleListener init
심각: An incompatible version 1.1.6 of the Apache Tomcat Native library is installed, while Tomcat requires version 1.1.8 
2009. 10. 16 오후 2:55:00 org.apache.coyote.http11.Http11AprProtocol init
정보: Initializing Coyote HTTP/1.1 on http-8080
2009. 10. 16 오후 2:55:00 org.apache.coyote.ajp.AjpAprProtocol init
정보: Initializing Coyote AJP/1.3 on ajp-8009
2009. 10. 16 오후 2:55:00 org.apache.catalina.startup.Catalina load
정보: Initialization processed in 376 ms
2009. 10. 16 오후 2:55:00 org.apache.catalina.core.StandardService start
정보: Starting service Catalina
2009. 10. 16 오후 2:55:00 org.apache.catalina.core.StandardEngine start
정보: Starting Servlet Engine: Apache Tomcat/6.0.14
2009. 10. 16 오후 2:55:00 org.apache.catalina.startup.HostConfig deployWAR
정보: Deploying web application archive hudson.war
2009. 10. 16 오후 2:55:01 org.apache.catalina.startup.HostConfig deployWAR
정보: Deploying web application archive nexus.war
2009. 10. 16 오후 2:55:03 org.apache.coyote.http11.Http11AprProtocol start
정보: Starting Coyote HTTP/1.1 on http-8080
2009. 10. 16 오후 2:55:03 org.apache.coyote.ajp.AjpAprProtocol start
정보: Starting Coyote AJP/1.3 on ajp-8009
2009. 10. 16 오후 2:55:03 org.apache.catalina.startup.Catalina start
정보: Server startup in 2804 ms
2009. 10. 16 오후 2:55:12 org.apache.coyote.http11.Http11AprProtocol pause
정보: Pausing Coyote HTTP/1.1 on http-8080
2009. 10. 16 오후 2:55:12 org.apache.coyote.ajp.AjpAprProtocol pause
정보: Pausing Coyote AJP/1.3 on ajp-8009
2009. 10. 16 오후 2:55:13 org.apache.catalina.core.StandardService stop
정보: Stopping service Catalina
2009. 10. 16 오후 2:55:13 org.apache.coyote.http11.Http11AprProtocol destroy
정보: Stopping Coyote HTTP/1.1 on http-8080
2009. 10. 16 오후 2:55:13 org.apache.coyote.ajp.AjpAprProtocol destroy
정보: Stopping Coyote AJP/1.3 on ajp-8009
2009. 10. 16 오후 2:55:18 org.apache.catalina.core.AprLifecycleListener init
심각: An incompatible version 1.1.6 of the Apache Tomcat Native library is installed, while Tomcat requires version 1.1.8 
2009. 10. 16 오후 2:55:18 org.apache.coyote.http11.Http11AprProtocol init
정보: Initializing Coyote HTTP/1.1 on http-8080
2009. 10. 16 오후 2:55:18 org.apache.coyote.ajp.AjpAprProtocol init
정보: Initializing Coyote AJP/1.3 on ajp-8009
2009. 10. 16 오후 2:55:18 org.apache.catalina.startup.Catalina load
정보: Initialization processed in 379 ms
2009. 10. 16 오후 2:55:18 org.apache.catalina.core.StandardService start
정보: Starting service Catalina
2009. 10. 16 오후 2:55:18 org.apache.catalina.core.StandardEngine start
정보: Starting Servlet Engine: Apache Tomcat/6.0.14
2009. 10. 16 오후 2:55:18 org.apache.catalina.startup.HostConfig deployWAR
정보: Deploying web application archive hudson.war
2009. 10. 16 오후 2:55:18 org.apache.catalina.startup.HostConfig deployWAR
정보: Deploying web application archive nexus.war
2009. 10. 16 오후 2:55:20 org.apache.coyote.http11.Http11AprProtocol start
정보: Starting Coyote HTTP/1.1 on http-8080
2009. 10. 16 오후 2:55:20 org.apache.coyote.ajp.AjpAprProtocol start
정보: Starting Coyote AJP/1.3 on ajp-8009
2009. 10. 16 오후 2:55:20 org.apache.catalina.startup.Catalina start
정보: Server startup in 2281 ms
2009. 10. 16 오후 2:56:30 org.apache.coyote.ajp.AjpAprProtocol pause
정보: Pausing Coyote AJP/1.3 on ajp-8009
2009. 10. 16 오후 2:56:31 org.apache.catalina.core.StandardService stop
정보: Stopping service Catalina
2009. 10. 16 오후 2:56:31 org.apache.coyote.http11.Http11AprProtocol destroy
정보: Stopping Coyote HTTP/1.1 on http-8080
2009. 10. 16 오후 2:56:31 org.apache.coyote.ajp.AjpAprProtocol destroy
정보: Stopping Coyote AJP/1.3 on ajp-8009
2009. 10. 16 오후 2:56:50 org.apache.catalina.core.AprLifecycleListener init
심각: An incompatible version 1.1.6 of the Apache Tomcat Native library is installed, while Tomcat requires version 1.1.8 
2009. 10. 16 오후 2:56:51 org.apache.coyote.http11.Http11AprProtocol init
정보: Initializing Coyote HTTP/1.1 on http-8080
2009. 10. 16 오후 2:56:51 org.apache.coyote.ajp.AjpAprProtocol init
정보: Initializing Coyote AJP/1.3 on ajp-8009
2009. 10. 16 오후 2:56:51 org.apache.catalina.startup.Catalina load
정보: Initialization processed in 357 ms
2009. 10. 16 오후 2:56:51 org.apache.catalina.core.StandardService start
정보: Starting service Catalina
2009. 10. 16 오후 2:56:51 org.apache.catalina.core.StandardEngine start
정보: Starting Servlet Engine: Apache Tomcat/6.0.14
2009. 10. 16 오후 2:56:51 org.apache.catalina.startup.HostConfig deployWAR
정보: Deploying web application archive hudson.war
2009. 10. 16 오후 2:56:51 org.apache.catalina.startup.HostConfig deployWAR
정보: Deploying web application archive nexus.war
2009. 10. 16 오후 2:56:53 org.apache.coyote.http11.Http11AprProtocol start
정보: Starting Coyote HTTP/1.1 on http-8080
2009. 10. 16 오후 2:56:53 org.apache.coyote.ajp.AjpAprProtocol start
정보: Starting Coyote AJP/1.3 on ajp-8009
2009. 10. 16 오후 2:56:53 org.apache.catalina.startup.Catalina start
정보: Server startup in 2312 ms
2009. 10. 16 오후 2:57:46 org.apache.catalina.core.StandardContext reload
정보: Reloading this Context has started
2009. 10. 16 오후 2:58:53 org.apache.coyote.ajp.AjpAprProtocol pause
정보: Pausing Coyote AJP/1.3 on ajp-8009
2009. 10. 16 오후 2:58:54 org.apache.catalina.core.StandardService stop
정보: Stopping service Catalina
2009. 10. 16 오후 2:58:54 org.apache.coyote.http11.Http11AprProtocol destroy
정보: Stopping Coyote HTTP/1.1 on http-8080
2009. 10. 16 오후 2:58:54 org.apache.coyote.ajp.AjpAprProtocol destroy
정보: Stopping Coyote AJP/1.3 on ajp-8009
2009. 10. 16 오후 2:59:57 org.apache.catalina.core.AprLifecycleListener init
심각: An incompatible version 1.1.6 of the Apache Tomcat Native library is installed, while Tomcat requires version 1.1.8 
2009. 10. 16 오후 2:59:57 org.apache.coyote.http11.Http11AprProtocol init
정보: Initializing Coyote HTTP/1.1 on http-8080
2009. 10. 16 오후 2:59:57 org.apache.coyote.ajp.AjpAprProtocol init
정보: Initializing Coyote AJP/1.3 on ajp-8009
2009. 10. 16 오후 2:59:57 org.apache.catalina.startup.Catalina load
정보: Initialization processed in 370 ms
2009. 10. 16 오후 2:59:57 org.apache.catalina.core.StandardService start
정보: Starting service Catalina
2009. 10. 16 오후 2:59:57 org.apache.catalina.core.StandardEngine start
정보: Starting Servlet Engine: Apache Tomcat/6.0.14
2009. 10. 16 오후 3:00:01 hudson.ClassicPluginStrategy createPluginWrapper
정보: Loading plugin: C:\Documents and Settings\Judd\.hudson\plugins\maven-plugin.hpi
2009. 10. 16 오후 3:00:01 hudson.ClassicPluginStrategy explode
정보: Extracting C:\Documents and Settings\Judd\.hudson\plugins\maven-plugin.hpi
2009. 10. 16 오후 3:00:09 org.apache.coyote.http11.Http11AprProtocol start
정보: Starting Coyote HTTP/1.1 on http-8080
2009. 10. 16 오후 3:00:09 org.apache.coyote.ajp.AjpAprProtocol start
정보: Starting Coyote AJP/1.3 on ajp-8009
2009. 10. 16 오후 3:00:09 org.apache.catalina.startup.Catalina start
정보: Server startup in 12477 ms
2009. 10. 16 오후 3:00:12 hudson.ClassicPluginStrategy createPluginWrapper
정보: Loading plugin: C:\Documents and Settings\Judd\.hudson\plugins\ssh-slaves.hpi
2009. 10. 16 오후 3:00:12 hudson.ClassicPluginStrategy explode
정보: Extracting C:\Documents and Settings\Judd\.hudson\plugins\ssh-slaves.hpi
2009. 10. 16 오후 3:00:13 hudson.ClassicPluginStrategy createPluginWrapper
정보: Loading plugin: C:\Documents and Settings\Judd\.hudson\plugins\subversion.hpi
2009. 10. 16 오후 3:00:13 hudson.ClassicPluginStrategy explode
정보: Extracting C:\Documents and Settings\Judd\.hudson\plugins\subversion.hpi
2009. 10. 16 오후 3:00:18 hudson.model.Hudson load
정보: Loading in 4 parallel threads
2009. 10. 16 오후 3:00:19 hudson.model.Hudson load
정보: Took 1610 ms to load
2009. 10. 16 오후 3:00:19 hudson.TcpSlaveAgentListener <init>
정보: JNLP slave agent listener started on TCP port 3111
2009. 10. 16 오후 3:01:00 org.apache.coyote.ajp.AjpAprProtocol pause
정보: Pausing Coyote AJP/1.3 on ajp-8009
2009. 10. 16 오후 3:01:01 org.apache.catalina.core.StandardService stop
정보: Stopping service Catalina
2009. 10. 16 오후 3:01:01 hudson.PluginWrapper stop
정보: Stopping maven-plugin
2009. 10. 16 오후 3:01:01 hudson.PluginWrapper stop
정보: Stopping ssh-slaves
2009. 10. 16 오후 3:01:01 hudson.PluginWrapper stop
정보: Stopping subversion
2009. 10. 16 오후 3:04:58 org.apache.catalina.core.AprLifecycleListener init
심각: An incompatible version 1.1.6 of the Apache Tomcat Native library is installed, while Tomcat requires version 1.1.8 
2009. 10. 16 오후 3:04:58 org.apache.coyote.http11.Http11AprProtocol init
정보: Initializing Coyote HTTP/1.1 on http-8080
2009. 10. 16 오후 3:04:58 org.apache.coyote.ajp.AjpAprProtocol init
정보: Initializing Coyote AJP/1.3 on ajp-8009
2009. 10. 16 오후 3:04:58 org.apache.catalina.startup.Catalina load
정보: Initialization processed in 358 ms
2009. 10. 16 오후 3:04:58 org.apache.catalina.core.StandardService start
정보: Starting service Catalina
2009. 10. 16 오후 3:04:58 org.apache.catalina.core.StandardEngine start
정보: Starting Servlet Engine: Apache Tomcat/6.0.14
2009. 10. 16 오후 3:05:02 hudson.ClassicPluginStrategy createPluginWrapper
정보: Loading plugin: C:\egovframeworkSample\bin\home\hudson\plugins\maven-plugin.hpi
2009. 10. 16 오후 3:05:02 hudson.ClassicPluginStrategy explode
정보: Extracting C:\egovframeworkSample\bin\home\hudson\plugins\maven-plugin.hpi
2009. 10. 16 오후 3:05:06 hudson.ClassicPluginStrategy createPluginWrapper
정보: Loading plugin: C:\egovframeworkSample\bin\home\hudson\plugins\ssh-slaves.hpi
2009. 10. 16 오후 3:05:06 hudson.ClassicPluginStrategy explode
정보: Extracting C:\egovframeworkSample\bin\home\hudson\plugins\ssh-slaves.hpi
2009. 10. 16 오후 3:05:06 hudson.ClassicPluginStrategy createPluginWrapper
정보: Loading plugin: C:\egovframeworkSample\bin\home\hudson\plugins\subversion.hpi
2009. 10. 16 오후 3:05:06 hudson.ClassicPluginStrategy explode
정보: Extracting C:\egovframeworkSample\bin\home\hudson\plugins\subversion.hpi
2009. 10. 16 오후 3:05:07 org.apache.coyote.http11.Http11AprProtocol start
정보: Starting Coyote HTTP/1.1 on http-8080
2009. 10. 16 오후 3:05:07 org.apache.coyote.ajp.AjpAprProtocol start
정보: Starting Coyote AJP/1.3 on ajp-8009
2009. 10. 16 오후 3:05:07 org.apache.catalina.startup.Catalina start
정보: Server startup in 8604 ms
2009. 10. 16 오후 3:05:10 hudson.model.Hudson load
정보: Loading in 4 parallel threads
2009. 10. 16 오후 3:05:10 hudson.model.Hudson load
정보: Took 391 ms to load
2009. 10. 16 오후 3:05:10 hudson.TcpSlaveAgentListener <init>
정보: JNLP slave agent listener started on TCP port 3138
2009. 10. 16 오후 3:06:00 hudson.model.DownloadService$Downloadable doPostBack
정보: Obtained the updated data file for hudson.tasks.Ant.AntInstaller
2009. 10. 16 오후 3:06:00 hudson.model.DownloadService$Downloadable doPostBack
정보: Obtained the updated data file for hudson.tasks.Maven.MavenInstaller
2009. 10. 16 오후 3:06:00 hudson.model.DownloadService$Downloadable doPostBack
정보: Obtained the updated data file for hudson.tools.JDKInstaller
2009. 10. 16 오후 3:06:01 hudson.model.UpdateCenter doPostBack
정보: Obtained the latest update center data file
2009. 10. 16 오후 3:11:50 org.apache.coyote.ajp.AjpAprProtocol pause
정보: Pausing Coyote AJP/1.3 on ajp-8009
2009. 10. 16 오후 3:11:51 org.apache.catalina.core.StandardService stop
정보: Stopping service Catalina
2009. 10. 16 오후 3:11:51 hudson.PluginWrapper stop
정보: Stopping maven-plugin
2009. 10. 16 오후 3:11:51 hudson.PluginWrapper stop
정보: Stopping ssh-slaves
2009. 10. 16 오후 3:11:51 hudson.PluginWrapper stop
정보: Stopping subversion
2009. 10. 16 오후 3:11:52 org.apache.coyote.http11.Http11AprProtocol destroy
정보: Stopping Coyote HTTP/1.1 on http-8080
2009. 10. 16 오후 3:11:52 org.apache.coyote.ajp.AjpAprProtocol destroy
정보: Stopping Coyote AJP/1.3 on ajp-8009
2009. 10. 16 오후 3:12:35 org.apache.catalina.core.AprLifecycleListener init
심각: An incompatible version 1.1.6 of the Apache Tomcat Native library is installed, while Tomcat requires version 1.1.8 
2009. 10. 16 오후 3:12:35 org.apache.coyote.http11.Http11AprProtocol init
정보: Initializing Coyote HTTP/1.1 on http-8080
2009. 10. 16 오후 3:12:35 org.apache.coyote.ajp.AjpAprProtocol init
정보: Initializing Coyote AJP/1.3 on ajp-8009
2009. 10. 16 오후 3:12:35 org.apache.catalina.startup.Catalina load
정보: Initialization processed in 370 ms
2009. 10. 16 오후 3:12:35 org.apache.catalina.core.StandardService start
정보: Starting service Catalina
2009. 10. 16 오후 3:12:35 org.apache.catalina.core.StandardEngine start
정보: Starting Servlet Engine: Apache Tomcat/6.0.14
2009. 10. 16 오후 3:12:38 hudson.ClassicPluginStrategy createPluginWrapper
정보: Loading plugin: C:\egovframeworkSample\bin\home\hudson\plugins\maven-plugin.hpi
2009. 10. 16 오후 3:12:38 hudson.ClassicPluginStrategy createPluginWrapper
정보: Loading plugin: C:\egovframeworkSample\bin\home\hudson\plugins\ssh-slaves.hpi
2009. 10. 16 오후 3:12:38 hudson.ClassicPluginStrategy createPluginWrapper
정보: Loading plugin: C:\egovframeworkSample\bin\home\hudson\plugins\subversion.hpi
2009. 10. 16 오후 3:12:38 hudson.model.Hudson load
정보: Loading in 4 parallel threads
2009. 10. 16 오후 3:12:39 hudson.model.Hudson load
정보: Took 359 ms to load
2009. 10. 16 오후 3:12:39 hudson.TcpSlaveAgentListener <init>
정보: JNLP slave agent listener started on TCP port 3220
2009. 10. 16 오후 3:12:43 org.apache.coyote.http11.Http11AprProtocol start
정보: Starting Coyote HTTP/1.1 on http-8080
2009. 10. 16 오후 3:12:43 org.apache.coyote.ajp.AjpAprProtocol start
정보: Starting Coyote AJP/1.3 on ajp-8009
2009. 10. 16 오후 3:12:43 org.apache.catalina.startup.Catalina start
정보: Server startup in 8046 ms
2009. 10. 16 오후 3:13:21 org.apache.coyote.ajp.AjpAprProtocol pause
정보: Pausing Coyote AJP/1.3 on ajp-8009
2009. 10. 16 오후 3:13:22 org.apache.catalina.core.StandardService stop
정보: Stopping service Catalina
2009. 10. 16 오후 3:13:22 hudson.PluginWrapper stop
정보: Stopping maven-plugin
2009. 10. 16 오후 3:13:22 hudson.PluginWrapper stop
정보: Stopping ssh-slaves
2009. 10. 16 오후 3:13:22 hudson.PluginWrapper stop
정보: Stopping subversion
2009. 10. 16 오후 3:13:23 org.apache.coyote.http11.Http11AprProtocol destroy
정보: Stopping Coyote HTTP/1.1 on http-8080
2009. 10. 16 오후 3:13:23 org.apache.coyote.ajp.AjpAprProtocol destroy
정보: Stopping Coyote AJP/1.3 on ajp-8009
2009. 10. 16 오후 3:50:52 org.apache.catalina.core.AprLifecycleListener init
심각: An incompatible version 1.1.6 of the Apache Tomcat Native library is installed, while Tomcat requires version 1.1.8 
2009. 10. 16 오후 3:50:52 org.apache.coyote.http11.Http11AprProtocol init
정보: Initializing Coyote HTTP/1.1 on http-8080
2009. 10. 16 오후 3:50:52 org.apache.coyote.ajp.AjpAprProtocol init
정보: Initializing Coyote AJP/1.3 on ajp-8009
2009. 10. 16 오후 3:50:52 org.apache.catalina.startup.Catalina load
정보: Initialization processed in 1236 ms
2009. 10. 16 오후 3:50:52 org.apache.catalina.core.StandardService start
정보: Starting service Catalina
2009. 10. 16 오후 3:50:52 org.apache.catalina.core.StandardEngine start
정보: Starting Servlet Engine: Apache Tomcat/6.0.14
2009. 10. 16 오후 3:51:03 hudson.ClassicPluginStrategy createPluginWrapper
정보: Loading plugin: C:\egovframeworkSample\bin\home\hudson\plugins\maven-plugin.hpi
2009. 10. 16 오후 3:51:03 hudson.ClassicPluginStrategy createPluginWrapper
정보: Loading plugin: C:\egovframeworkSample\bin\home\hudson\plugins\ssh-slaves.hpi
2009. 10. 16 오후 3:51:03 hudson.ClassicPluginStrategy createPluginWrapper
정보: Loading plugin: C:\egovframeworkSample\bin\home\hudson\plugins\subversion.hpi
2009. 10. 16 오후 3:51:04 hudson.model.Hudson load
정보: Loading in 4 parallel threads
2009. 10. 16 오후 3:51:06 hudson.model.Hudson load
정보: Took 1922 ms to load
2009. 10. 16 오후 3:51:06 hudson.TcpSlaveAgentListener <init>
정보: JNLP slave agent listener started on TCP port 3799
2009. 10. 16 오후 3:51:12 org.apache.coyote.http11.Http11AprProtocol start
정보: Starting Coyote HTTP/1.1 on http-8080
2009. 10. 16 오후 3:51:12 org.apache.coyote.ajp.AjpAprProtocol start
정보: Starting Coyote AJP/1.3 on ajp-8009
2009. 10. 16 오후 3:51:12 org.apache.catalina.startup.Catalina start
정보: Server startup in 20297 ms
2009. 10. 16 오후 3:51:20 org.apache.coyote.ajp.AjpAprProtocol pause
정보: Pausing Coyote AJP/1.3 on ajp-8009
2009. 10. 16 오후 3:51:21 org.apache.catalina.core.StandardService stop
정보: Stopping service Catalina
2009. 10. 16 오후 3:51:21 hudson.PluginWrapper stop
정보: Stopping maven-plugin
2009. 10. 16 오후 3:51:21 hudson.PluginWrapper stop
정보: Stopping ssh-slaves
2009. 10. 16 오후 3:51:21 hudson.PluginWrapper stop
정보: Stopping subversion
2009. 10. 16 오후 3:51:23 org.apache.coyote.http11.Http11AprProtocol destroy
정보: Stopping Coyote HTTP/1.1 on http-8080
2009. 10. 16 오후 3:51:23 org.apache.coyote.ajp.AjpAprProtocol destroy
정보: Stopping Coyote AJP/1.3 on ajp-8009
2009. 10. 16 오후 3:58:21 org.apache.catalina.core.AprLifecycleListener init
심각: An incompatible version 1.1.6 of the Apache Tomcat Native library is installed, while Tomcat requires version 1.1.8 
2009. 10. 16 오후 3:58:21 org.apache.coyote.http11.Http11AprProtocol init
정보: Initializing Coyote HTTP/1.1 on http-8080
2009. 10. 16 오후 3:58:21 org.apache.coyote.ajp.AjpAprProtocol init
정보: Initializing Coyote AJP/1.3 on ajp-8009
2009. 10. 16 오후 3:58:21 org.apache.catalina.startup.Catalina load
정보: Initialization processed in 367 ms
2009. 10. 16 오후 3:58:21 org.apache.catalina.core.StandardService start
정보: Starting service Catalina
2009. 10. 16 오후 3:58:21 org.apache.catalina.core.StandardEngine start
정보: Starting Servlet Engine: Apache Tomcat/6.0.14
2009. 10. 16 오후 3:58:25 hudson.ClassicPluginStrategy createPluginWrapper
정보: Loading plugin: C:\egovframeworkSample\bin\home\hudson\plugins\maven-plugin.hpi
2009. 10. 16 오후 3:58:25 hudson.ClassicPluginStrategy createPluginWrapper
정보: Loading plugin: C:\egovframeworkSample\bin\home\hudson\plugins\ssh-slaves.hpi
2009. 10. 16 오후 3:58:25 hudson.ClassicPluginStrategy createPluginWrapper
정보: Loading plugin: C:\egovframeworkSample\bin\home\hudson\plugins\subversion.hpi
2009. 10. 16 오후 3:58:25 hudson.model.Hudson load
정보: Loading in 4 parallel threads
2009. 10. 16 오후 3:58:25 hudson.model.Hudson load
정보: Took 391 ms to load
2009. 10. 16 오후 3:58:25 hudson.TcpSlaveAgentListener <init>
정보: JNLP slave agent listener started on TCP port 3824
2009. 10. 16 오후 3:58:29 org.apache.coyote.http11.Http11AprProtocol start
정보: Starting Coyote HTTP/1.1 on http-8080
2009. 10. 16 오후 3:58:29 org.apache.coyote.ajp.AjpAprProtocol start
정보: Starting Coyote AJP/1.3 on ajp-8009
2009. 10. 16 오후 3:58:29 org.apache.catalina.startup.Catalina start
정보: Server startup in 8279 ms
2009. 10. 16 오후 4:01:09 org.apache.coyote.ajp.AjpAprProtocol pause
정보: Pausing Coyote AJP/1.3 on ajp-8009
2009. 10. 16 오후 4:01:10 org.apache.catalina.core.StandardService stop
정보: Stopping service Catalina
2009. 10. 16 오후 4:01:10 hudson.PluginWrapper stop
정보: Stopping maven-plugin
2009. 10. 16 오후 4:01:10 hudson.PluginWrapper stop
정보: Stopping ssh-slaves
2009. 10. 16 오후 4:01:10 hudson.PluginWrapper stop
정보: Stopping subversion
2009. 10. 16 오후 4:01:11 org.apache.coyote.http11.Http11AprProtocol destroy
정보: Stopping Coyote HTTP/1.1 on http-8080
2009. 10. 16 오후 4:01:11 org.apache.coyote.ajp.AjpAprProtocol destroy
정보: Stopping Coyote AJP/1.3 on ajp-8009
