2009. 10. 15 오후 4:14:13 org.apache.catalina.core.ApplicationContext log
정보: DEBUG   (2009-10-15) 16:14.13:046   [        ] (Unknown-URI) Unknown-thread/DefaultLogTargetFactoryManager: added new LogTargetFactory of type priority-filter

2009. 10. 15 오후 4:14:13 org.apache.catalina.core.ApplicationContext log
정보: DEBUG   (2009-10-15) 16:14.13:046   [        ] (Unknown-URI) Unknown-thread/DefaultLogTargetFactoryManager: added new LogTargetFactory of type servlet

2009. 10. 15 오후 4:14:13 org.apache.catalina.core.ApplicationContext log
정보: DEBUG   (2009-10-15) 16:14.13:046   [        ] (Unknown-URI) Unknown-thread/DefaultLogTargetFactoryManager: added new LogTargetFactory of type cocoon

2009. 10. 15 오후 4:14:13 org.apache.catalina.core.ApplicationContext log
정보: DEBUG   (2009-10-15) 16:14.13:046   [        ] (Unknown-URI) Unknown-thread/DefaultLogTargetManager: added new LogTarget of id core

2009. 10. 15 오후 4:14:13 org.apache.catalina.core.ApplicationContext log
정보: DEBUG   (2009-10-15) 16:14.13:046   [        ] (Unknown-URI) Unknown-thread/DefaultLogTargetManager: added new LogTarget of id sitemap

2009. 10. 15 오후 4:14:13 org.apache.catalina.core.ApplicationContext log
정보: DEBUG   (2009-10-15) 16:14.13:046   [        ] (Unknown-URI) Unknown-thread/DefaultLogTargetManager: added new LogTarget of id access

2009. 10. 15 오후 4:14:13 org.apache.catalina.core.ApplicationContext log
정보: DEBUG   (2009-10-15) 16:14.13:046   [        ] (Unknown-URI) Unknown-thread/PriorityFilterTargetFactory: loglevel is ERROR

2009. 10. 15 오후 4:14:13 org.apache.catalina.core.ApplicationContext log
정보: DEBUG   (2009-10-15) 16:14.13:046   [        ] (Unknown-URI) Unknown-thread/PriorityFilterTargetFactory: creating target cocoon: org.apache.avalon.framework.configuration.DefaultConfiguration@1807ca8

2009. 10. 15 오후 4:14:13 org.apache.catalina.core.ApplicationContext log
정보: DEBUG   (2009-10-15) 16:14.13:062   [        ] (Unknown-URI) Unknown-thread/DefaultLogTargetManager: added new LogTarget of id error

2009. 10. 15 오후 4:14:13 org.apache.catalina.core.ApplicationContext log
정보: DEBUG   (2009-10-15) 16:14.13:062   [        ] (Unknown-URI) Unknown-thread/DefaultLogKitManager: added logger for category core

2009. 10. 15 오후 4:14:13 org.apache.catalina.core.ApplicationContext log
정보: DEBUG   (2009-10-15) 16:14.13:062   [        ] (Unknown-URI) Unknown-thread/DefaultLogKitManager: added logger for category core.startup

2009. 10. 15 오후 4:14:13 org.apache.catalina.core.ApplicationContext log
정보: DEBUG   (2009-10-15) 16:14.13:062   [        ] (Unknown-URI) Unknown-thread/DefaultLogKitManager: added logger for category core.roles

2009. 10. 15 오후 4:14:13 org.apache.catalina.core.ApplicationContext log
정보: DEBUG   (2009-10-15) 16:14.13:062   [        ] (Unknown-URI) Unknown-thread/DefaultLogKitManager: added logger for category core.manager

2009. 10. 15 오후 4:14:13 org.apache.catalina.core.ApplicationContext log
정보: DEBUG   (2009-10-15) 16:14.13:062   [        ] (Unknown-URI) Unknown-thread/DefaultLogKitManager: added logger for category core.store

2009. 10. 15 오후 4:14:13 org.apache.catalina.core.ApplicationContext log
정보: DEBUG   (2009-10-15) 16:14.13:062   [        ] (Unknown-URI) Unknown-thread/DefaultLogKitManager: added logger for category sitemap

2009. 10. 15 오후 4:14:13 org.apache.catalina.core.ApplicationContext log
정보: DEBUG   (2009-10-15) 16:14.13:062   [        ] (Unknown-URI) Unknown-thread/DefaultLogKitManager: added logger for category access

2009. 10. 15 오후 4:14:13 org.apache.catalina.core.ApplicationContext log
정보: DEBUG   (2009-10-15) 16:14.13:062   [        ] (Unknown-URI) Unknown-thread/DefaultLogKitManager: Logger for category access returned

2009. 10. 15 오후 4:14:13 org.apache.catalina.core.ApplicationContext log
정보: DEBUG   (2009-10-15) 16:14.13:265   [        ] (Unknown-URI) Unknown-thread/DefaultLogKitManager: Logger for category core returned

2009. 10. 15 오후 4:14:13 org.apache.catalina.core.ApplicationContext log
정보: DEBUG   (2009-10-15) 16:14.13:578   [        ] (Unknown-URI) Unknown-thread/DefaultLogKitManager: Logger for category core.store.persistent not defined in configuration. New Logger created and returned

2009. 10. 15 오후 4:14:13 org.apache.catalina.core.ApplicationContext log
정보: DEBUG   (2009-10-15) 16:14.13:578   [        ] (Unknown-URI) Unknown-thread/DefaultLogKitManager: Logger for category core.store.transient not defined in configuration. New Logger created and returned

2009. 10. 15 오후 4:14:13 org.apache.catalina.core.ApplicationContext log
정보: DEBUG   (2009-10-15) 16:14.13:578   [        ] (Unknown-URI) Unknown-thread/DefaultLogKitManager: Logger for category core.store.janitor not defined in configuration. New Logger created and returned

2009. 10. 15 오후 4:14:13 org.apache.catalina.core.ApplicationContext log
정보: DEBUG   (2009-10-15) 16:14.13:578   [        ] (Unknown-URI) Unknown-thread/DefaultLogKitManager: Logger for category core.xpath-processor not defined in configuration. New Logger created and returned

2009. 10. 15 오후 4:14:13 org.apache.catalina.core.ApplicationContext log
정보: DEBUG   (2009-10-15) 16:14.13:578   [        ] (Unknown-URI) Unknown-thread/DefaultLogKitManager: Logger for category core.url-factory not defined in configuration. New Logger created and returned

2009. 10. 15 오후 4:14:13 org.apache.catalina.core.ApplicationContext log
정보: DEBUG   (2009-10-15) 16:14.13:578   [        ] (Unknown-URI) Unknown-thread/DefaultLogKitManager: Logger for category core.program-generator not defined in configuration. New Logger created and returned

2009. 10. 15 오후 4:14:13 org.apache.catalina.core.ApplicationContext log
정보: DEBUG   (2009-10-15) 16:14.13:609   [        ] (Unknown-URI) Unknown-thread/DefaultLogKitManager: Logger for category core.language.java not defined in configuration. New Logger created and returned

2009. 10. 15 오후 4:14:13 org.apache.catalina.core.ApplicationContext log
정보: DEBUG   (2009-10-15) 16:14.13:625   [        ] (Unknown-URI) Unknown-thread/DefaultLogKitManager: Logger for category core.jsp-engine not defined in configuration. New Logger created and returned

2009. 10. 15 오후 4:14:13 org.apache.catalina.core.ApplicationContext log
정보: DEBUG   (2009-10-15) 16:14.13:625   [        ] (Unknown-URI) Unknown-thread/DefaultLogKitManager: Logger for category core.xscript not defined in configuration. New Logger created and returned

2009. 10. 15 오후 4:14:13 org.apache.catalina.core.ApplicationContext log
정보: DEBUG   (2009-10-15) 16:14.13:640   [        ] (Unknown-URI) Unknown-thread/DefaultLogKitManager: Logger for category core.datasources.demodb not defined in configuration. New Logger created and returned

2009. 10. 15 오후 4:14:14 org.apache.catalina.core.ApplicationContext log
정보: DEBUG   (2009-10-15) 16:14.14:765   [        ] (Unknown-URI) Unknown-thread/DefaultLogKitManager: Logger for category sitemap returned

2009. 10. 15 오후 4:14:14 org.apache.catalina.core.ApplicationContext log
정보: DEBUG   (2009-10-15) 16:14.14:765   [        ] (Unknown-URI) Unknown-thread/DefaultLogKitManager: Logger for category core.xml-parser not defined in configuration. New Logger created and returned

2009. 10. 15 오후 4:14:14 org.apache.catalina.core.ApplicationContext log
정보: DEBUG   (2009-10-15) 16:14.14:796   [        ] (Unknown-URI) Unknown-thread/DefaultLogKitManager: Logger for category core.resolver not defined in configuration. New Logger created and returned

2009. 10. 15 오후 4:14:14 org.apache.catalina.core.ApplicationContext log
정보: DEBUG   (2009-10-15) 16:14.14:796   [        ] (Unknown-URI) Unknown-thread/DefaultLogKitManager: Logger for category core.search.lucene not defined in configuration. New Logger created and returned

2009. 10. 15 오후 4:14:14 org.apache.catalina.core.ApplicationContext log
정보: DEBUG   (2009-10-15) 16:14.14:796   [        ] (Unknown-URI) Unknown-thread/DefaultLogKitManager: Logger for category core.modules.input not defined in configuration. New Logger created and returned

2009. 10. 15 오후 4:14:14 org.apache.catalina.core.ApplicationContext log
정보: DEBUG   (2009-10-15) 16:14.14:796   [        ] (Unknown-URI) Unknown-thread/DefaultLogKitManager: Logger for category core.modules.input not defined in configuration. New Logger created and returned

2009. 10. 15 오후 4:14:14 org.apache.catalina.core.ApplicationContext log
정보: DEBUG   (2009-10-15) 16:14.14:812   [        ] (Unknown-URI) Unknown-thread/DefaultLogKitManager: Logger for category core.modules.output not defined in configuration. New Logger created and returned

2009. 10. 15 오후 4:14:14 org.apache.catalina.core.ApplicationContext log
정보: DEBUG   (2009-10-15) 16:14.14:812   [        ] (Unknown-URI) Unknown-thread/DefaultLogKitManager: Logger for category core.modules.output not defined in configuration. New Logger created and returned

2009. 10. 15 오후 4:14:14 org.apache.catalina.core.ApplicationContext log
정보: DEBUG   (2009-10-15) 16:14.14:812   [        ] (Unknown-URI) Unknown-thread/DefaultLogKitManager: Logger for category core.modules.auto not defined in configuration. New Logger created and returned

2009. 10. 15 오후 4:14:14 org.apache.catalina.core.ApplicationContext log
정보: DEBUG   (2009-10-15) 16:14.14:812   [        ] (Unknown-URI) Unknown-thread/DefaultLogKitManager: Logger for category core.modules.auto not defined in configuration. New Logger created and returned

2009. 10. 15 오후 4:14:15 org.apache.catalina.core.ApplicationContext log
정보: ContextListener: contextInitialized()
2009. 10. 15 오후 4:14:15 org.apache.catalina.core.ApplicationContext log
정보: SessionListener: contextInitialized()
2009. 10. 15 오후 4:15:22 org.apache.catalina.core.ApplicationContext log
정보: DEBUG   (2009-10-15) 16:15.22:890   [        ] (Unknown-URI) Unknown-thread/DefaultLogTargetFactoryManager: added new LogTargetFactory of type priority-filter

2009. 10. 15 오후 4:15:22 org.apache.catalina.core.ApplicationContext log
정보: DEBUG   (2009-10-15) 16:15.22:890   [        ] (Unknown-URI) Unknown-thread/DefaultLogTargetFactoryManager: added new LogTargetFactory of type servlet

2009. 10. 15 오후 4:15:22 org.apache.catalina.core.ApplicationContext log
정보: DEBUG   (2009-10-15) 16:15.22:890   [        ] (Unknown-URI) Unknown-thread/DefaultLogTargetFactoryManager: added new LogTargetFactory of type cocoon

2009. 10. 15 오후 4:15:22 org.apache.catalina.core.ApplicationContext log
정보: DEBUG   (2009-10-15) 16:15.22:890   [        ] (Unknown-URI) Unknown-thread/DefaultLogTargetManager: added new LogTarget of id core

2009. 10. 15 오후 4:15:22 org.apache.catalina.core.ApplicationContext log
정보: DEBUG   (2009-10-15) 16:15.22:890   [        ] (Unknown-URI) Unknown-thread/DefaultLogTargetManager: added new LogTarget of id sitemap

2009. 10. 15 오후 4:15:22 org.apache.catalina.core.ApplicationContext log
정보: DEBUG   (2009-10-15) 16:15.22:906   [        ] (Unknown-URI) Unknown-thread/DefaultLogTargetManager: added new LogTarget of id access

2009. 10. 15 오후 4:15:22 org.apache.catalina.core.ApplicationContext log
정보: DEBUG   (2009-10-15) 16:15.22:906   [        ] (Unknown-URI) Unknown-thread/PriorityFilterTargetFactory: loglevel is ERROR

2009. 10. 15 오후 4:15:22 org.apache.catalina.core.ApplicationContext log
정보: DEBUG   (2009-10-15) 16:15.22:906   [        ] (Unknown-URI) Unknown-thread/PriorityFilterTargetFactory: creating target cocoon: org.apache.avalon.framework.configuration.DefaultConfiguration@1807ca8

2009. 10. 15 오후 4:15:22 org.apache.catalina.core.ApplicationContext log
정보: DEBUG   (2009-10-15) 16:15.22:906   [        ] (Unknown-URI) Unknown-thread/DefaultLogTargetManager: added new LogTarget of id error

2009. 10. 15 오후 4:15:22 org.apache.catalina.core.ApplicationContext log
정보: DEBUG   (2009-10-15) 16:15.22:906   [        ] (Unknown-URI) Unknown-thread/DefaultLogKitManager: added logger for category core

2009. 10. 15 오후 4:15:22 org.apache.catalina.core.ApplicationContext log
정보: DEBUG   (2009-10-15) 16:15.22:906   [        ] (Unknown-URI) Unknown-thread/DefaultLogKitManager: added logger for category core.startup

2009. 10. 15 오후 4:15:22 org.apache.catalina.core.ApplicationContext log
정보: DEBUG   (2009-10-15) 16:15.22:906   [        ] (Unknown-URI) Unknown-thread/DefaultLogKitManager: added logger for category core.roles

2009. 10. 15 오후 4:15:22 org.apache.catalina.core.ApplicationContext log
정보: DEBUG   (2009-10-15) 16:15.22:906   [        ] (Unknown-URI) Unknown-thread/DefaultLogKitManager: added logger for category core.manager

2009. 10. 15 오후 4:15:22 org.apache.catalina.core.ApplicationContext log
정보: DEBUG   (2009-10-15) 16:15.22:906   [        ] (Unknown-URI) Unknown-thread/DefaultLogKitManager: added logger for category core.store

2009. 10. 15 오후 4:15:22 org.apache.catalina.core.ApplicationContext log
정보: DEBUG   (2009-10-15) 16:15.22:906   [        ] (Unknown-URI) Unknown-thread/DefaultLogKitManager: added logger for category sitemap

2009. 10. 15 오후 4:15:22 org.apache.catalina.core.ApplicationContext log
정보: DEBUG   (2009-10-15) 16:15.22:906   [        ] (Unknown-URI) Unknown-thread/DefaultLogKitManager: added logger for category access

2009. 10. 15 오후 4:15:22 org.apache.catalina.core.ApplicationContext log
정보: DEBUG   (2009-10-15) 16:15.22:906   [        ] (Unknown-URI) Unknown-thread/DefaultLogKitManager: Logger for category access returned

2009. 10. 15 오후 4:15:22 org.apache.catalina.core.ApplicationContext log
정보: DEBUG   (2009-10-15) 16:15.22:953   [        ] (Unknown-URI) Unknown-thread/DefaultLogKitManager: Logger for category core returned

2009. 10. 15 오후 4:15:23 org.apache.catalina.core.ApplicationContext log
정보: DEBUG   (2009-10-15) 16:15.23:078   [        ] (Unknown-URI) Unknown-thread/DefaultLogKitManager: Logger for category core.store.persistent not defined in configuration. New Logger created and returned

2009. 10. 15 오후 4:15:23 org.apache.catalina.core.ApplicationContext log
정보: DEBUG   (2009-10-15) 16:15.23:078   [        ] (Unknown-URI) Unknown-thread/DefaultLogKitManager: Logger for category core.store.transient not defined in configuration. New Logger created and returned

2009. 10. 15 오후 4:15:23 org.apache.catalina.core.ApplicationContext log
정보: DEBUG   (2009-10-15) 16:15.23:078   [        ] (Unknown-URI) Unknown-thread/DefaultLogKitManager: Logger for category core.store.janitor not defined in configuration. New Logger created and returned

2009. 10. 15 오후 4:15:23 org.apache.catalina.core.ApplicationContext log
정보: DEBUG   (2009-10-15) 16:15.23:093   [        ] (Unknown-URI) Unknown-thread/DefaultLogKitManager: Logger for category core.xpath-processor not defined in configuration. New Logger created and returned

2009. 10. 15 오후 4:15:23 org.apache.catalina.core.ApplicationContext log
정보: DEBUG   (2009-10-15) 16:15.23:093   [        ] (Unknown-URI) Unknown-thread/DefaultLogKitManager: Logger for category core.url-factory not defined in configuration. New Logger created and returned

2009. 10. 15 오후 4:15:23 org.apache.catalina.core.ApplicationContext log
정보: DEBUG   (2009-10-15) 16:15.23:093   [        ] (Unknown-URI) Unknown-thread/DefaultLogKitManager: Logger for category core.program-generator not defined in configuration. New Logger created and returned

2009. 10. 15 오후 4:15:23 org.apache.catalina.core.ApplicationContext log
정보: DEBUG   (2009-10-15) 16:15.23:109   [        ] (Unknown-URI) Unknown-thread/DefaultLogKitManager: Logger for category core.language.java not defined in configuration. New Logger created and returned

2009. 10. 15 오후 4:15:23 org.apache.catalina.core.ApplicationContext log
정보: DEBUG   (2009-10-15) 16:15.23:109   [        ] (Unknown-URI) Unknown-thread/DefaultLogKitManager: Logger for category core.jsp-engine not defined in configuration. New Logger created and returned

2009. 10. 15 오후 4:15:23 org.apache.catalina.core.ApplicationContext log
정보: DEBUG   (2009-10-15) 16:15.23:125   [        ] (Unknown-URI) Unknown-thread/DefaultLogKitManager: Logger for category core.xscript not defined in configuration. New Logger created and returned

2009. 10. 15 오후 4:15:23 org.apache.catalina.core.ApplicationContext log
정보: DEBUG   (2009-10-15) 16:15.23:125   [        ] (Unknown-URI) Unknown-thread/DefaultLogKitManager: Logger for category core.datasources.demodb not defined in configuration. New Logger created and returned

2009. 10. 15 오후 4:15:24 org.apache.catalina.core.ApplicationContext log
정보: DEBUG   (2009-10-15) 16:15.24:140   [        ] (Unknown-URI) Unknown-thread/DefaultLogKitManager: Logger for category sitemap returned

2009. 10. 15 오후 4:15:24 org.apache.catalina.core.ApplicationContext log
정보: DEBUG   (2009-10-15) 16:15.24:140   [        ] (Unknown-URI) Unknown-thread/DefaultLogKitManager: Logger for category core.xml-parser not defined in configuration. New Logger created and returned

2009. 10. 15 오후 4:15:24 org.apache.catalina.core.ApplicationContext log
정보: DEBUG   (2009-10-15) 16:15.24:156   [        ] (Unknown-URI) Unknown-thread/DefaultLogKitManager: Logger for category core.resolver not defined in configuration. New Logger created and returned

2009. 10. 15 오후 4:15:24 org.apache.catalina.core.ApplicationContext log
정보: DEBUG   (2009-10-15) 16:15.24:171   [        ] (Unknown-URI) Unknown-thread/DefaultLogKitManager: Logger for category core.search.lucene not defined in configuration. New Logger created and returned

2009. 10. 15 오후 4:15:24 org.apache.catalina.core.ApplicationContext log
정보: DEBUG   (2009-10-15) 16:15.24:171   [        ] (Unknown-URI) Unknown-thread/DefaultLogKitManager: Logger for category core.modules.input not defined in configuration. New Logger created and returned

2009. 10. 15 오후 4:15:24 org.apache.catalina.core.ApplicationContext log
정보: DEBUG   (2009-10-15) 16:15.24:171   [        ] (Unknown-URI) Unknown-thread/DefaultLogKitManager: Logger for category core.modules.input not defined in configuration. New Logger created and returned

2009. 10. 15 오후 4:15:24 org.apache.catalina.core.ApplicationContext log
정보: DEBUG   (2009-10-15) 16:15.24:187   [        ] (Unknown-URI) Unknown-thread/DefaultLogKitManager: Logger for category core.modules.output not defined in configuration. New Logger created and returned

2009. 10. 15 오후 4:15:24 org.apache.catalina.core.ApplicationContext log
정보: DEBUG   (2009-10-15) 16:15.24:187   [        ] (Unknown-URI) Unknown-thread/DefaultLogKitManager: Logger for category core.modules.output not defined in configuration. New Logger created and returned

2009. 10. 15 오후 4:15:24 org.apache.catalina.core.ApplicationContext log
정보: DEBUG   (2009-10-15) 16:15.24:187   [        ] (Unknown-URI) Unknown-thread/DefaultLogKitManager: Logger for category core.modules.auto not defined in configuration. New Logger created and returned

2009. 10. 15 오후 4:15:24 org.apache.catalina.core.ApplicationContext log
정보: DEBUG   (2009-10-15) 16:15.24:187   [        ] (Unknown-URI) Unknown-thread/DefaultLogKitManager: Logger for category core.modules.auto not defined in configuration. New Logger created and returned

2009. 10. 15 오후 4:15:24 org.apache.catalina.core.ApplicationContext log
정보: ContextListener: contextInitialized()
2009. 10. 15 오후 4:15:24 org.apache.catalina.core.ApplicationContext log
정보: SessionListener: contextInitialized()
2009. 10. 15 오후 4:18:50 org.apache.catalina.core.ApplicationContext log
정보: DEBUG   (2009-10-15) 16:18.50:328   [        ] (Unknown-URI) Unknown-thread/DefaultLogTargetFactoryManager: added new LogTargetFactory of type priority-filter

2009. 10. 15 오후 4:18:50 org.apache.catalina.core.ApplicationContext log
정보: DEBUG   (2009-10-15) 16:18.50:328   [        ] (Unknown-URI) Unknown-thread/DefaultLogTargetFactoryManager: added new LogTargetFactory of type servlet

2009. 10. 15 오후 4:18:50 org.apache.catalina.core.ApplicationContext log
정보: DEBUG   (2009-10-15) 16:18.50:328   [        ] (Unknown-URI) Unknown-thread/DefaultLogTargetFactoryManager: added new LogTargetFactory of type cocoon

2009. 10. 15 오후 4:18:50 org.apache.catalina.core.ApplicationContext log
정보: DEBUG   (2009-10-15) 16:18.50:328   [        ] (Unknown-URI) Unknown-thread/DefaultLogTargetManager: added new LogTarget of id core

2009. 10. 15 오후 4:18:50 org.apache.catalina.core.ApplicationContext log
정보: DEBUG   (2009-10-15) 16:18.50:343   [        ] (Unknown-URI) Unknown-thread/DefaultLogTargetManager: added new LogTarget of id sitemap

2009. 10. 15 오후 4:18:50 org.apache.catalina.core.ApplicationContext log
정보: DEBUG   (2009-10-15) 16:18.50:343   [        ] (Unknown-URI) Unknown-thread/DefaultLogTargetManager: added new LogTarget of id access

2009. 10. 15 오후 4:18:50 org.apache.catalina.core.ApplicationContext log
정보: DEBUG   (2009-10-15) 16:18.50:343   [        ] (Unknown-URI) Unknown-thread/PriorityFilterTargetFactory: loglevel is ERROR

2009. 10. 15 오후 4:18:50 org.apache.catalina.core.ApplicationContext log
정보: DEBUG   (2009-10-15) 16:18.50:343   [        ] (Unknown-URI) Unknown-thread/PriorityFilterTargetFactory: creating target cocoon: org.apache.avalon.framework.configuration.DefaultConfiguration@1db5ec

2009. 10. 15 오후 4:18:50 org.apache.catalina.core.ApplicationContext log
정보: DEBUG   (2009-10-15) 16:18.50:343   [        ] (Unknown-URI) Unknown-thread/DefaultLogTargetManager: added new LogTarget of id error

2009. 10. 15 오후 4:18:50 org.apache.catalina.core.ApplicationContext log
정보: DEBUG   (2009-10-15) 16:18.50:343   [        ] (Unknown-URI) Unknown-thread/DefaultLogKitManager: added logger for category core

2009. 10. 15 오후 4:18:50 org.apache.catalina.core.ApplicationContext log
정보: DEBUG   (2009-10-15) 16:18.50:343   [        ] (Unknown-URI) Unknown-thread/DefaultLogKitManager: added logger for category core.startup

2009. 10. 15 오후 4:18:50 org.apache.catalina.core.ApplicationContext log
정보: DEBUG   (2009-10-15) 16:18.50:343   [        ] (Unknown-URI) Unknown-thread/DefaultLogKitManager: added logger for category core.roles

2009. 10. 15 오후 4:18:50 org.apache.catalina.core.ApplicationContext log
정보: DEBUG   (2009-10-15) 16:18.50:343   [        ] (Unknown-URI) Unknown-thread/DefaultLogKitManager: added logger for category core.manager

2009. 10. 15 오후 4:18:50 org.apache.catalina.core.ApplicationContext log
정보: DEBUG   (2009-10-15) 16:18.50:343   [        ] (Unknown-URI) Unknown-thread/DefaultLogKitManager: added logger for category core.store

2009. 10. 15 오후 4:18:50 org.apache.catalina.core.ApplicationContext log
정보: DEBUG   (2009-10-15) 16:18.50:343   [        ] (Unknown-URI) Unknown-thread/DefaultLogKitManager: added logger for category sitemap

2009. 10. 15 오후 4:18:50 org.apache.catalina.core.ApplicationContext log
정보: DEBUG   (2009-10-15) 16:18.50:343   [        ] (Unknown-URI) Unknown-thread/DefaultLogKitManager: added logger for category access

2009. 10. 15 오후 4:18:50 org.apache.catalina.core.ApplicationContext log
정보: DEBUG   (2009-10-15) 16:18.50:343   [        ] (Unknown-URI) Unknown-thread/DefaultLogKitManager: Logger for category access returned

2009. 10. 15 오후 4:18:50 org.apache.catalina.core.ApplicationContext log
정보: DEBUG   (2009-10-15) 16:18.50:437   [        ] (Unknown-URI) Unknown-thread/DefaultLogKitManager: Logger for category core returned

2009. 10. 15 오후 4:18:50 org.apache.catalina.core.ApplicationContext log
정보: DEBUG   (2009-10-15) 16:18.50:609   [        ] (Unknown-URI) Unknown-thread/DefaultLogKitManager: Logger for category core.store.persistent not defined in configuration. New Logger created and returned

2009. 10. 15 오후 4:18:50 org.apache.catalina.core.ApplicationContext log
정보: DEBUG   (2009-10-15) 16:18.50:609   [        ] (Unknown-URI) Unknown-thread/DefaultLogKitManager: Logger for category core.store.transient not defined in configuration. New Logger created and returned

2009. 10. 15 오후 4:18:50 org.apache.catalina.core.ApplicationContext log
정보: DEBUG   (2009-10-15) 16:18.50:609   [        ] (Unknown-URI) Unknown-thread/DefaultLogKitManager: Logger for category core.store.janitor not defined in configuration. New Logger created and returned

2009. 10. 15 오후 4:18:50 org.apache.catalina.core.ApplicationContext log
정보: DEBUG   (2009-10-15) 16:18.50:609   [        ] (Unknown-URI) Unknown-thread/DefaultLogKitManager: Logger for category core.xpath-processor not defined in configuration. New Logger created and returned

2009. 10. 15 오후 4:18:50 org.apache.catalina.core.ApplicationContext log
정보: DEBUG   (2009-10-15) 16:18.50:609   [        ] (Unknown-URI) Unknown-thread/DefaultLogKitManager: Logger for category core.url-factory not defined in configuration. New Logger created and returned

2009. 10. 15 오후 4:18:50 org.apache.catalina.core.ApplicationContext log
정보: DEBUG   (2009-10-15) 16:18.50:625   [        ] (Unknown-URI) Unknown-thread/DefaultLogKitManager: Logger for category core.program-generator not defined in configuration. New Logger created and returned

2009. 10. 15 오후 4:18:50 org.apache.catalina.core.ApplicationContext log
정보: DEBUG   (2009-10-15) 16:18.50:640   [        ] (Unknown-URI) Unknown-thread/DefaultLogKitManager: Logger for category core.language.java not defined in configuration. New Logger created and returned

2009. 10. 15 오후 4:18:50 org.apache.catalina.core.ApplicationContext log
정보: DEBUG   (2009-10-15) 16:18.50:640   [        ] (Unknown-URI) Unknown-thread/DefaultLogKitManager: Logger for category core.jsp-engine not defined in configuration. New Logger created and returned

2009. 10. 15 오후 4:18:50 org.apache.catalina.core.ApplicationContext log
정보: DEBUG   (2009-10-15) 16:18.50:640   [        ] (Unknown-URI) Unknown-thread/DefaultLogKitManager: Logger for category core.xscript not defined in configuration. New Logger created and returned

2009. 10. 15 오후 4:18:50 org.apache.catalina.core.ApplicationContext log
정보: DEBUG   (2009-10-15) 16:18.50:656   [        ] (Unknown-URI) Unknown-thread/DefaultLogKitManager: Logger for category core.datasources.demodb not defined in configuration. New Logger created and returned

2009. 10. 15 오후 4:18:51 org.apache.catalina.core.ApplicationContext log
정보: DEBUG   (2009-10-15) 16:18.51:671   [        ] (Unknown-URI) Unknown-thread/DefaultLogKitManager: Logger for category sitemap returned

2009. 10. 15 오후 4:18:51 org.apache.catalina.core.ApplicationContext log
정보: DEBUG   (2009-10-15) 16:18.51:671   [        ] (Unknown-URI) Unknown-thread/DefaultLogKitManager: Logger for category core.xml-parser not defined in configuration. New Logger created and returned

2009. 10. 15 오후 4:18:51 org.apache.catalina.core.ApplicationContext log
정보: DEBUG   (2009-10-15) 16:18.51:703   [        ] (Unknown-URI) Unknown-thread/DefaultLogKitManager: Logger for category core.resolver not defined in configuration. New Logger created and returned

2009. 10. 15 오후 4:18:51 org.apache.catalina.core.ApplicationContext log
정보: DEBUG   (2009-10-15) 16:18.51:718   [        ] (Unknown-URI) Unknown-thread/DefaultLogKitManager: Logger for category core.search.lucene not defined in configuration. New Logger created and returned

2009. 10. 15 오후 4:18:51 org.apache.catalina.core.ApplicationContext log
정보: DEBUG   (2009-10-15) 16:18.51:718   [        ] (Unknown-URI) Unknown-thread/DefaultLogKitManager: Logger for category core.modules.input not defined in configuration. New Logger created and returned

2009. 10. 15 오후 4:18:51 org.apache.catalina.core.ApplicationContext log
정보: DEBUG   (2009-10-15) 16:18.51:718   [        ] (Unknown-URI) Unknown-thread/DefaultLogKitManager: Logger for category core.modules.input not defined in configuration. New Logger created and returned

2009. 10. 15 오후 4:18:51 org.apache.catalina.core.ApplicationContext log
정보: DEBUG   (2009-10-15) 16:18.51:734   [        ] (Unknown-URI) Unknown-thread/DefaultLogKitManager: Logger for category core.modules.output not defined in configuration. New Logger created and returned

2009. 10. 15 오후 4:18:51 org.apache.catalina.core.ApplicationContext log
정보: DEBUG   (2009-10-15) 16:18.51:734   [        ] (Unknown-URI) Unknown-thread/DefaultLogKitManager: Logger for category core.modules.output not defined in configuration. New Logger created and returned

2009. 10. 15 오후 4:18:51 org.apache.catalina.core.ApplicationContext log
정보: DEBUG   (2009-10-15) 16:18.51:734   [        ] (Unknown-URI) Unknown-thread/DefaultLogKitManager: Logger for category core.modules.auto not defined in configuration. New Logger created and returned

2009. 10. 15 오후 4:18:51 org.apache.catalina.core.ApplicationContext log
정보: DEBUG   (2009-10-15) 16:18.51:734   [        ] (Unknown-URI) Unknown-thread/DefaultLogKitManager: Logger for category core.modules.auto not defined in configuration. New Logger created and returned

2009. 10. 15 오후 4:18:52 org.apache.catalina.core.ApplicationContext log
정보: ContextListener: contextInitialized()
2009. 10. 15 오후 4:18:52 org.apache.catalina.core.ApplicationContext log
정보: SessionListener: contextInitialized()
2009. 10. 15 오후 4:57:50 org.apache.catalina.core.ApplicationContext log
정보: DEBUG   (2009-10-15) 16:57.50:734   [        ] (Unknown-URI) Unknown-thread/DefaultLogTargetFactoryManager: added new LogTargetFactory of type priority-filter

2009. 10. 15 오후 4:57:50 org.apache.catalina.core.ApplicationContext log
정보: DEBUG   (2009-10-15) 16:57.50:734   [        ] (Unknown-URI) Unknown-thread/DefaultLogTargetFactoryManager: added new LogTargetFactory of type servlet

2009. 10. 15 오후 4:57:50 org.apache.catalina.core.ApplicationContext log
정보: DEBUG   (2009-10-15) 16:57.50:750   [        ] (Unknown-URI) Unknown-thread/DefaultLogTargetFactoryManager: added new LogTargetFactory of type cocoon

2009. 10. 15 오후 4:57:50 org.apache.catalina.core.ApplicationContext log
정보: DEBUG   (2009-10-15) 16:57.50:750   [        ] (Unknown-URI) Unknown-thread/DefaultLogTargetManager: added new LogTarget of id core

2009. 10. 15 오후 4:57:50 org.apache.catalina.core.ApplicationContext log
정보: DEBUG   (2009-10-15) 16:57.50:750   [        ] (Unknown-URI) Unknown-thread/DefaultLogTargetManager: added new LogTarget of id sitemap

2009. 10. 15 오후 4:57:50 org.apache.catalina.core.ApplicationContext log
정보: DEBUG   (2009-10-15) 16:57.50:750   [        ] (Unknown-URI) Unknown-thread/DefaultLogTargetManager: added new LogTarget of id access

2009. 10. 15 오후 4:57:50 org.apache.catalina.core.ApplicationContext log
정보: DEBUG   (2009-10-15) 16:57.50:750   [        ] (Unknown-URI) Unknown-thread/PriorityFilterTargetFactory: loglevel is ERROR

2009. 10. 15 오후 4:57:50 org.apache.catalina.core.ApplicationContext log
정보: DEBUG   (2009-10-15) 16:57.50:750   [        ] (Unknown-URI) Unknown-thread/PriorityFilterTargetFactory: creating target cocoon: org.apache.avalon.framework.configuration.DefaultConfiguration@70610a

2009. 10. 15 오후 4:57:50 org.apache.catalina.core.ApplicationContext log
정보: DEBUG   (2009-10-15) 16:57.50:750   [        ] (Unknown-URI) Unknown-thread/DefaultLogTargetManager: added new LogTarget of id error

2009. 10. 15 오후 4:57:50 org.apache.catalina.core.ApplicationContext log
정보: DEBUG   (2009-10-15) 16:57.50:750   [        ] (Unknown-URI) Unknown-thread/DefaultLogKitManager: added logger for category core

2009. 10. 15 오후 4:57:50 org.apache.catalina.core.ApplicationContext log
정보: DEBUG   (2009-10-15) 16:57.50:750   [        ] (Unknown-URI) Unknown-thread/DefaultLogKitManager: added logger for category core.startup

2009. 10. 15 오후 4:57:50 org.apache.catalina.core.ApplicationContext log
정보: DEBUG   (2009-10-15) 16:57.50:750   [        ] (Unknown-URI) Unknown-thread/DefaultLogKitManager: added logger for category core.roles

2009. 10. 15 오후 4:57:50 org.apache.catalina.core.ApplicationContext log
정보: DEBUG   (2009-10-15) 16:57.50:750   [        ] (Unknown-URI) Unknown-thread/DefaultLogKitManager: added logger for category core.manager

2009. 10. 15 오후 4:57:50 org.apache.catalina.core.ApplicationContext log
정보: DEBUG   (2009-10-15) 16:57.50:750   [        ] (Unknown-URI) Unknown-thread/DefaultLogKitManager: added logger for category core.store

2009. 10. 15 오후 4:57:50 org.apache.catalina.core.ApplicationContext log
정보: DEBUG   (2009-10-15) 16:57.50:750   [        ] (Unknown-URI) Unknown-thread/DefaultLogKitManager: added logger for category sitemap

2009. 10. 15 오후 4:57:50 org.apache.catalina.core.ApplicationContext log
정보: DEBUG   (2009-10-15) 16:57.50:765   [        ] (Unknown-URI) Unknown-thread/DefaultLogKitManager: added logger for category access

2009. 10. 15 오후 4:57:50 org.apache.catalina.core.ApplicationContext log
정보: DEBUG   (2009-10-15) 16:57.50:765   [        ] (Unknown-URI) Unknown-thread/DefaultLogKitManager: Logger for category access returned

2009. 10. 15 오후 4:57:50 org.apache.catalina.core.ApplicationContext log
정보: DEBUG   (2009-10-15) 16:57.50:796   [        ] (Unknown-URI) Unknown-thread/DefaultLogKitManager: Logger for category core returned

2009. 10. 15 오후 4:57:51 org.apache.catalina.core.ApplicationContext log
정보: DEBUG   (2009-10-15) 16:57.51:015   [        ] (Unknown-URI) Unknown-thread/DefaultLogKitManager: Logger for category core.store.persistent not defined in configuration. New Logger created and returned

2009. 10. 15 오후 4:57:51 org.apache.catalina.core.ApplicationContext log
정보: DEBUG   (2009-10-15) 16:57.51:031   [        ] (Unknown-URI) Unknown-thread/DefaultLogKitManager: Logger for category core.store.transient not defined in configuration. New Logger created and returned

2009. 10. 15 오후 4:57:51 org.apache.catalina.core.ApplicationContext log
정보: DEBUG   (2009-10-15) 16:57.51:031   [        ] (Unknown-URI) Unknown-thread/DefaultLogKitManager: Logger for category core.store.janitor not defined in configuration. New Logger created and returned

2009. 10. 15 오후 4:57:51 org.apache.catalina.core.ApplicationContext log
정보: DEBUG   (2009-10-15) 16:57.51:031   [        ] (Unknown-URI) Unknown-thread/DefaultLogKitManager: Logger for category core.xpath-processor not defined in configuration. New Logger created and returned

2009. 10. 15 오후 4:57:51 org.apache.catalina.core.ApplicationContext log
정보: DEBUG   (2009-10-15) 16:57.51:031   [        ] (Unknown-URI) Unknown-thread/DefaultLogKitManager: Logger for category core.url-factory not defined in configuration. New Logger created and returned

2009. 10. 15 오후 4:57:51 org.apache.catalina.core.ApplicationContext log
정보: DEBUG   (2009-10-15) 16:57.51:031   [        ] (Unknown-URI) Unknown-thread/DefaultLogKitManager: Logger for category core.program-generator not defined in configuration. New Logger created and returned

2009. 10. 15 오후 4:57:51 org.apache.catalina.core.ApplicationContext log
정보: DEBUG   (2009-10-15) 16:57.51:078   [        ] (Unknown-URI) Unknown-thread/DefaultLogKitManager: Logger for category core.language.java not defined in configuration. New Logger created and returned

2009. 10. 15 오후 4:57:51 org.apache.catalina.core.ApplicationContext log
정보: DEBUG   (2009-10-15) 16:57.51:109   [        ] (Unknown-URI) Unknown-thread/DefaultLogKitManager: Logger for category core.jsp-engine not defined in configuration. New Logger created and returned

2009. 10. 15 오후 4:57:51 org.apache.catalina.core.ApplicationContext log
정보: DEBUG   (2009-10-15) 16:57.51:125   [        ] (Unknown-URI) Unknown-thread/DefaultLogKitManager: Logger for category core.xscript not defined in configuration. New Logger created and returned

2009. 10. 15 오후 4:57:51 org.apache.catalina.core.ApplicationContext log
정보: DEBUG   (2009-10-15) 16:57.51:140   [        ] (Unknown-URI) Unknown-thread/DefaultLogKitManager: Logger for category core.datasources.demodb not defined in configuration. New Logger created and returned

2009. 10. 15 오후 4:57:52 org.apache.catalina.core.ApplicationContext log
정보: DEBUG   (2009-10-15) 16:57.52:156   [        ] (Unknown-URI) Unknown-thread/DefaultLogKitManager: Logger for category sitemap returned

2009. 10. 15 오후 4:57:52 org.apache.catalina.core.ApplicationContext log
정보: DEBUG   (2009-10-15) 16:57.52:156   [        ] (Unknown-URI) Unknown-thread/DefaultLogKitManager: Logger for category core.xml-parser not defined in configuration. New Logger created and returned

2009. 10. 15 오후 4:57:52 org.apache.catalina.core.ApplicationContext log
정보: DEBUG   (2009-10-15) 16:57.52:171   [        ] (Unknown-URI) Unknown-thread/DefaultLogKitManager: Logger for category core.resolver not defined in configuration. New Logger created and returned

2009. 10. 15 오후 4:57:52 org.apache.catalina.core.ApplicationContext log
정보: DEBUG   (2009-10-15) 16:57.52:187   [        ] (Unknown-URI) Unknown-thread/DefaultLogKitManager: Logger for category core.search.lucene not defined in configuration. New Logger created and returned

2009. 10. 15 오후 4:57:52 org.apache.catalina.core.ApplicationContext log
정보: DEBUG   (2009-10-15) 16:57.52:187   [        ] (Unknown-URI) Unknown-thread/DefaultLogKitManager: Logger for category core.modules.input not defined in configuration. New Logger created and returned

2009. 10. 15 오후 4:57:52 org.apache.catalina.core.ApplicationContext log
정보: DEBUG   (2009-10-15) 16:57.52:187   [        ] (Unknown-URI) Unknown-thread/DefaultLogKitManager: Logger for category core.modules.input not defined in configuration. New Logger created and returned

2009. 10. 15 오후 4:57:52 org.apache.catalina.core.ApplicationContext log
정보: DEBUG   (2009-10-15) 16:57.52:203   [        ] (Unknown-URI) Unknown-thread/DefaultLogKitManager: Logger for category core.modules.output not defined in configuration. New Logger created and returned

2009. 10. 15 오후 4:57:52 org.apache.catalina.core.ApplicationContext log
정보: DEBUG   (2009-10-15) 16:57.52:203   [        ] (Unknown-URI) Unknown-thread/DefaultLogKitManager: Logger for category core.modules.output not defined in configuration. New Logger created and returned

2009. 10. 15 오후 4:57:52 org.apache.catalina.core.ApplicationContext log
정보: DEBUG   (2009-10-15) 16:57.52:203   [        ] (Unknown-URI) Unknown-thread/DefaultLogKitManager: Logger for category core.modules.auto not defined in configuration. New Logger created and returned

2009. 10. 15 오후 4:57:52 org.apache.catalina.core.ApplicationContext log
정보: DEBUG   (2009-10-15) 16:57.52:203   [        ] (Unknown-URI) Unknown-thread/DefaultLogKitManager: Logger for category core.modules.auto not defined in configuration. New Logger created and returned

2009. 10. 15 오후 4:57:52 org.apache.catalina.core.ApplicationContext log
정보: ContextListener: contextInitialized()
2009. 10. 15 오후 4:57:52 org.apache.catalina.core.ApplicationContext log
정보: SessionListener: contextInitialized()
2009. 10. 15 오후 5:07:19 org.apache.catalina.core.ApplicationContext log
정보: SessionListener: contextDestroyed()
2009. 10. 15 오후 5:07:19 org.apache.catalina.core.ApplicationContext log
정보: ContextListener: contextDestroyed()
