com.ibatis.common.beans.ProbeException: Could not set property 'comFileSeq' to value '8' for com.devBoard.framework.vo.FileVO.  Cause: java.lang.IllegalArgumentException: argument type mismatch
	at com.ibatis.common.beans.ComplexBeanProbe.setProperty(ComplexBeanProbe.java:368)
	at com.ibatis.common.beans.ComplexBeanProbe.setObject(ComplexBeanProbe.java:234)
	at com.ibatis.common.beans.GenericProbe.setObject(GenericProbe.java:90)
	at com.ibatis.sqlmap.engine.impl.SqlMapExecutorDelegate.executeSelectKey(SqlMapExecutorDelegate.java:427)
	at com.ibatis.sqlmap.engine.impl.SqlMapExecutorDelegate.insert(SqlMapExecutorDelegate.java:387)
	at com.ibatis.sqlmap.engine.impl.SqlMapSessionImpl.insert(SqlMapSessionImpl.java:82)
	at org.springframework.orm.ibatis.SqlMapClientTemplate$8.doInSqlMapClient(SqlMapClientTemplate.java:366)
	at org.springframework.orm.ibatis.SqlMapClientTemplate.execute(SqlMapClientTemplate.java:200)
	at org.springframework.orm.ibatis.SqlMapClientTemplate.insert(SqlMapClientTemplate.java:364)
	at egovframework.rte.psl.dataaccess.EgovAbstractDAO.insert(EgovAbstractDAO.java:88)
	at com.devBoard.common.dao.FileDAO.insertComFile(FileDAO.java:38)
	at com.devBoard.common.service.impl.FileServiceImpl.insertComFile(FileServiceImpl.java:45)
	at sun.reflect.NativeMethodAccessorImpl.invoke0(Native Method)
	at sun.reflect.NativeMethodAccessorImpl.invoke(NativeMethodAccessorImpl.java:39)
	at sun.reflect.DelegatingMethodAccessorImpl.invoke(DelegatingMethodAccessorImpl.java:25)
	at java.lang.reflect.Method.invoke(Method.java:597)
	at org.springframework.aop.support.AopUtils.invokeJoinpointUsingReflection(AopUtils.java:309)
	at org.springframework.aop.framework.ReflectiveMethodInvocation.invokeJoinpoint(ReflectiveMethodInvocation.java:183)
	at org.springframework.aop.framework.ReflectiveMethodInvocation.proceed(ReflectiveMethodInvocation.java:150)
	at org.springframework.transaction.interceptor.TransactionInterceptor.invoke(TransactionInterceptor.java:110)
	at org.springframework.aop.framework.ReflectiveMethodInvocation.proceed(ReflectiveMethodInvocation.java:172)
	at org.springframework.aop.aspectj.AspectJAfterThrowingAdvice.invoke(AspectJAfterThrowingAdvice.java:55)
	at org.springframework.aop.framework.ReflectiveMethodInvocation.proceed(ReflectiveMethodInvocation.java:172)
	at org.springframework.aop.interceptor.ExposeInvocationInterceptor.invoke(ExposeInvocationInterceptor.java:89)
	at org.springframework.aop.framework.ReflectiveMethodInvocation.proceed(ReflectiveMethodInvocation.java:172)
	at org.springframework.aop.framework.JdkDynamicAopProxy.invoke(JdkDynamicAopProxy.java:202)
	at $Proxy11.insertComFile(Unknown Source)
	at com.devBoard.framework.util.MultipartFileUtil.insertComFileDtl(MultipartFileUtil.java:330)
	at com.devBoard.sample.service.impl.EgovSampleServiceImpl.insertSample(EgovSampleServiceImpl.java:53)
	at sun.reflect.NativeMethodAccessorImpl.invoke0(Native Method)
	at sun.reflect.NativeMethodAccessorImpl.invoke(NativeMethodAccessorImpl.java:39)
	at sun.reflect.DelegatingMethodAccessorImpl.invoke(DelegatingMethodAccessorImpl.java:25)
	at java.lang.reflect.Method.invoke(Method.java:597)
	at org.springframework.aop.support.AopUtils.invokeJoinpointUsingReflection(AopUtils.java:309)
	at org.springframework.aop.framework.ReflectiveMethodInvocation.invokeJoinpoint(ReflectiveMethodInvocation.java:183)
	at org.springframework.aop.framework.ReflectiveMethodInvocation.proceed(ReflectiveMethodInvocation.java:150)
	at org.springframework.transaction.interceptor.TransactionInterceptor.invoke(TransactionInterceptor.java:110)
	at org.springframework.aop.framework.ReflectiveMethodInvocation.proceed(ReflectiveMethodInvocation.java:172)
	at org.springframework.aop.aspectj.AspectJAfterThrowingAdvice.invoke(AspectJAfterThrowingAdvice.java:55)
	at org.springframework.aop.framework.ReflectiveMethodInvocation.proceed(ReflectiveMethodInvocation.java:172)
	at org.springframework.aop.interceptor.ExposeInvocationInterceptor.invoke(ExposeInvocationInterceptor.java:89)
	at org.springframework.aop.framework.ReflectiveMethodInvocation.proceed(ReflectiveMethodInvocation.java:172)
	at org.springframework.aop.framework.JdkDynamicAopProxy.invoke(JdkDynamicAopProxy.java:202)
	at $Proxy14.insertSample(Unknown Source)
	at com.devBoard.sample.controller.EgovSampleController.insertSample(EgovSampleController.java:167)
	at sun.reflect.NativeMethodAccessorImpl.invoke0(Native Method)
	at sun.reflect.NativeMethodAccessorImpl.invoke(NativeMethodAccessorImpl.java:39)
	at sun.reflect.DelegatingMethodAccessorImpl.invoke(DelegatingMethodAccessorImpl.java:25)
	at java.lang.reflect.Method.invoke(Method.java:597)
	at org.springframework.web.bind.annotation.support.HandlerMethodInvoker.invokeHandlerMethod(HandlerMethodInvoker.java:176)
	at org.springframework.web.servlet.mvc.annotation.AnnotationMethodHandlerAdapter.invokeHandlerMethod(AnnotationMethodHandlerAdapter.java:426)
	at org.springframework.web.servlet.mvc.annotation.AnnotationMethodHandlerAdapter.handle(AnnotationMethodHandlerAdapter.java:414)
	at org.springframework.web.servlet.DispatcherServlet.doDispatch(DispatcherServlet.java:790)
	at com.devBoard.framework.web.servlet.ExDispatcherServlet.doDispatch(ExDispatcherServlet.java:42)
	at org.springframework.web.servlet.DispatcherServlet.doService(DispatcherServlet.java:719)
	at org.springframework.web.servlet.FrameworkServlet.processRequest(FrameworkServlet.java:644)
	at org.springframework.web.servlet.FrameworkServlet.doPost(FrameworkServlet.java:560)
	at javax.servlet.http.HttpServlet.service(HttpServlet.java:710)
	at javax.servlet.http.HttpServlet.service(HttpServlet.java:803)
	at org.apache.catalina.core.ApplicationFilterChain.internalDoFilter(ApplicationFilterChain.java:290)
	at org.apache.catalina.core.ApplicationFilterChain.doFilter(ApplicationFilterChain.java:206)
	at com.devBoard.common.filter.AuthorityFilter.doFilter(AuthorityFilter.java:84)
	at org.apache.catalina.core.ApplicationFilterChain.internalDoFilter(ApplicationFilterChain.java:235)
	at org.apache.catalina.core.ApplicationFilterChain.doFilter(ApplicationFilterChain.java:206)
	at com.devBoard.common.filter.AccessFilter.doFilter(AccessFilter.java:106)
	at org.apache.catalina.core.ApplicationFilterChain.internalDoFilter(ApplicationFilterChain.java:235)
	at org.apache.catalina.core.ApplicationFilterChain.doFilter(ApplicationFilterChain.java:206)
	at org.springframework.web.filter.CharacterEncodingFilter.doFilterInternal(CharacterEncodingFilter.java:88)
	at org.springframework.web.filter.OncePerRequestFilter.doFilter(OncePerRequestFilter.java:76)
	at org.apache.catalina.core.ApplicationFilterChain.internalDoFilter(ApplicationFilterChain.java:235)
	at org.apache.catalina.core.ApplicationFilterChain.doFilter(ApplicationFilterChain.java:206)
	at org.apache.catalina.core.StandardWrapperValve.invoke(StandardWrapperValve.java:233)
	at org.apache.catalina.core.StandardContextValve.invoke(StandardContextValve.java:175)
	at org.apache.catalina.core.StandardHostValve.invoke(StandardHostValve.java:128)
	at org.apache.catalina.valves.ErrorReportValve.invoke(ErrorReportValve.java:102)
	at org.apache.catalina.core.StandardEngineValve.invoke(StandardEngineValve.java:109)
	at org.apache.catalina.connector.CoyoteAdapter.service(CoyoteAdapter.java:263)
	at org.apache.coyote.http11.Http11Processor.process(Http11Processor.java:844)
	at org.apache.coyote.http11.Http11Protocol$Http11ConnectionHandler.process(Http11Protocol.java:584)
	at org.apache.tomcat.util.net.JIoEndpoint$Worker.run(JIoEndpoint.java:447)
	at java.lang.Thread.run(Thread.java:662)
Caused by: java.lang.IllegalArgumentException: argument type mismatch
	at sun.reflect.NativeMethodAccessorImpl.invoke0(Native Method)
	at sun.reflect.NativeMethodAccessorImpl.invoke(NativeMethodAccessorImpl.java:39)
	at sun.reflect.DelegatingMethodAccessorImpl.invoke(DelegatingMethodAccessorImpl.java:25)
	at java.lang.reflect.Method.invoke(Method.java:597)
	at com.ibatis.common.beans.MethodInvoker.invoke(MethodInvoker.java:17)
	at com.ibatis.common.beans.ComplexBeanProbe.setProperty(ComplexBeanProbe.java:356)
	... 80 more
