org.springframework.dao.DataIntegrityViolationException: SqlMapClient operation; SQL [];   
--- The error occurred in sqlmap/sql/common/Dummy_SQL.xml.  
--- The error occurred while applying a parameter map.  
--- Check the comBbsDAO.insertCommentList-InlineParameterMap.  
--- Check the statement (update failed).  
--- Cause: java.sql.SQLException: ORA-01400: NULL을 ("DEVBOARD"."COM_BBS_COMMENT"."COM_BBS_SEQ") 안에 삽입할 수 없습니다
; nested exception is com.ibatis.common.jdbc.exception.NestedSQLException:   
--- The error occurred in sqlmap/sql/common/Dummy_SQL.xml.  
--- The error occurred while applying a parameter map.  
--- Check the comBbsDAO.insertCommentList-InlineParameterMap.  
--- Check the statement (update failed).  
--- Cause: java.sql.SQLException: ORA-01400: NULL을 ("DEVBOARD"."COM_BBS_COMMENT"."COM_BBS_SEQ") 안에 삽입할 수 없습니다

	at org.springframework.jdbc.support.SQLErrorCodeSQLExceptionTranslator.doTranslate(SQLErrorCodeSQLExceptionTranslator.java:245)
	at org.springframework.jdbc.support.AbstractFallbackSQLExceptionTranslator.translate(AbstractFallbackSQLExceptionTranslator.java:72)
	at org.springframework.orm.ibatis.SqlMapClientTemplate.execute(SqlMapClientTemplate.java:203)
	at org.springframework.orm.ibatis.SqlMapClientTemplate.insert(SqlMapClientTemplate.java:364)
	at egovframework.rte.psl.dataaccess.EgovAbstractDAO.insert(EgovAbstractDAO.java:88)
	at com.devBoard.comBbs.dao.ComBbsDAO.insertCommentList(ComBbsDAO.java:107)
	at com.devBoard.comBbs.service.impl.ComBbsServiceImpl.insertCommentList(ComBbsServiceImpl.java:130)
	at sun.reflect.NativeMethodAccessorImpl.invoke0(Native Method)
	at sun.reflect.NativeMethodAccessorImpl.invoke(NativeMethodAccessorImpl.java:39)
	at sun.reflect.DelegatingMethodAccessorImpl.invoke(DelegatingMethodAccessorImpl.java:25)
	at java.lang.reflect.Method.invoke(Method.java:597)
	at org.springframework.aop.support.AopUtils.invokeJoinpointUsingReflection(AopUtils.java:309)
	at org.springframework.aop.framework.ReflectiveMethodInvocation.invokeJoinpoint(ReflectiveMethodInvocation.java:183)
	at org.springframework.aop.framework.ReflectiveMethodInvocation.proceed(ReflectiveMethodInvocation.java:150)
	at org.springframework.transaction.interceptor.TransactionInterceptor.invoke(TransactionInterceptor.java:110)
	at org.springframework.aop.framework.ReflectiveMethodInvocation.proceed(ReflectiveMethodInvocation.java:172)
	at org.springframework.aop.aspectj.AspectJAfterThrowingAdvice.invoke(AspectJAfterThrowingAdvice.java:55)
	at org.springframework.aop.framework.ReflectiveMethodInvocation.proceed(ReflectiveMethodInvocation.java:172)
	at org.springframework.aop.interceptor.ExposeInvocationInterceptor.invoke(ExposeInvocationInterceptor.java:89)
	at org.springframework.aop.framework.ReflectiveMethodInvocation.proceed(ReflectiveMethodInvocation.java:172)
	at org.springframework.aop.framework.JdkDynamicAopProxy.invoke(JdkDynamicAopProxy.java:202)
	at $Proxy45.insertCommentList(Unknown Source)
	at com.devBoard.comBbs.controller.ComBbsController.ajaxInsertLibFreeNoticeComment(ComBbsController.java:348)
	at sun.reflect.NativeMethodAccessorImpl.invoke0(Native Method)
	at sun.reflect.NativeMethodAccessorImpl.invoke(NativeMethodAccessorImpl.java:39)
	at sun.reflect.DelegatingMethodAccessorImpl.invoke(DelegatingMethodAccessorImpl.java:25)
	at java.lang.reflect.Method.invoke(Method.java:597)
	at org.springframework.web.bind.annotation.support.HandlerMethodInvoker.invokeHandlerMethod(HandlerMethodInvoker.java:176)
	at org.springframework.web.servlet.mvc.annotation.AnnotationMethodHandlerAdapter.invokeHandlerMethod(AnnotationMethodHandlerAdapter.java:426)
	at org.springframework.web.servlet.mvc.annotation.AnnotationMethodHandlerAdapter.handle(AnnotationMethodHandlerAdapter.java:414)
	at org.springframework.web.servlet.DispatcherServlet.doDispatch(DispatcherServlet.java:790)
	at com.devBoard.framework.web.servlet.ExDispatcherServlet.doDispatch(ExDispatcherServlet.java:42)
	at org.springframework.web.servlet.DispatcherServlet.doService(DispatcherServlet.java:719)
	at org.springframework.web.servlet.FrameworkServlet.processRequest(FrameworkServlet.java:644)
	at org.springframework.web.servlet.FrameworkServlet.doPost(FrameworkServlet.java:560)
	at javax.servlet.http.HttpServlet.service(HttpServlet.java:710)
	at javax.servlet.http.HttpServlet.service(HttpServlet.java:803)
	at org.apache.catalina.core.ApplicationFilterChain.internalDoFilter(ApplicationFilterChain.java:290)
	at org.apache.catalina.core.ApplicationFilterChain.doFilter(ApplicationFilterChain.java:206)
	at com.devBoard.common.filter.AuthorityFilter.doFilter(AuthorityFilter.java:84)
	at org.apache.catalina.core.ApplicationFilterChain.internalDoFilter(ApplicationFilterChain.java:235)
	at org.apache.catalina.core.ApplicationFilterChain.doFilter(ApplicationFilterChain.java:206)
	at com.devBoard.common.filter.AccessFilter.doFilter(AccessFilter.java:106)
	at org.apache.catalina.core.ApplicationFilterChain.internalDoFilter(ApplicationFilterChain.java:235)
	at org.apache.catalina.core.ApplicationFilterChain.doFilter(ApplicationFilterChain.java:206)
	at org.springframework.web.filter.CharacterEncodingFilter.doFilterInternal(CharacterEncodingFilter.java:88)
	at org.springframework.web.filter.OncePerRequestFilter.doFilter(OncePerRequestFilter.java:76)
	at org.apache.catalina.core.ApplicationFilterChain.internalDoFilter(ApplicationFilterChain.java:235)
	at org.apache.catalina.core.ApplicationFilterChain.doFilter(ApplicationFilterChain.java:206)
	at org.apache.catalina.core.StandardWrapperValve.invoke(StandardWrapperValve.java:233)
	at org.apache.catalina.core.StandardContextValve.invoke(StandardContextValve.java:175)
	at org.apache.catalina.core.StandardHostValve.invoke(StandardHostValve.java:128)
	at org.apache.catalina.valves.ErrorReportValve.invoke(ErrorReportValve.java:102)
	at org.apache.catalina.core.StandardEngineValve.invoke(StandardEngineValve.java:109)
	at org.apache.catalina.connector.CoyoteAdapter.service(CoyoteAdapter.java:263)
	at org.apache.coyote.http11.Http11Processor.process(Http11Processor.java:844)
	at org.apache.coyote.http11.Http11Protocol$Http11ConnectionHandler.process(Http11Protocol.java:584)
	at org.apache.tomcat.util.net.JIoEndpoint$Worker.run(JIoEndpoint.java:447)
	at java.lang.Thread.run(Thread.java:662)
Caused by: com.ibatis.common.jdbc.exception.NestedSQLException:   
--- The error occurred in sqlmap/sql/common/Dummy_SQL.xml.  
--- The error occurred while applying a parameter map.  
--- Check the comBbsDAO.insertCommentList-InlineParameterMap.  
--- Check the statement (update failed).  
--- Cause: java.sql.SQLException: ORA-01400: NULL을 ("DEVBOARD"."COM_BBS_COMMENT"."COM_BBS_SEQ") 안에 삽입할 수 없습니다

	at com.ibatis.sqlmap.engine.mapping.statement.MappedStatement.executeUpdate(MappedStatement.java:107)
	at com.ibatis.sqlmap.engine.impl.SqlMapExecutorDelegate.insert(SqlMapExecutorDelegate.java:393)
	at com.ibatis.sqlmap.engine.impl.SqlMapSessionImpl.insert(SqlMapSessionImpl.java:82)
	at org.springframework.orm.ibatis.SqlMapClientTemplate$8.doInSqlMapClient(SqlMapClientTemplate.java:366)
	at org.springframework.orm.ibatis.SqlMapClientTemplate.execute(SqlMapClientTemplate.java:200)
	... 56 more
Caused by: java.sql.SQLException: ORA-01400: NULL을 ("DEVBOARD"."COM_BBS_COMMENT"."COM_BBS_SEQ") 안에 삽입할 수 없습니다

	at oracle.jdbc.driver.DatabaseError.throwSqlException(DatabaseError.java:112)
	at oracle.jdbc.driver.T4CTTIoer.processError(T4CTTIoer.java:331)
	at oracle.jdbc.driver.T4CTTIoer.processError(T4CTTIoer.java:288)
	at oracle.jdbc.driver.T4C8Oall.receive(T4C8Oall.java:743)
	at oracle.jdbc.driver.T4CPreparedStatement.doOall8(T4CPreparedStatement.java:216)
	at oracle.jdbc.driver.T4CPreparedStatement.executeForRows(T4CPreparedStatement.java:955)
	at oracle.jdbc.driver.OracleStatement.doExecuteWithTimeout(OracleStatement.java:1169)
	at oracle.jdbc.driver.OraclePreparedStatement.executeInternal(OraclePreparedStatement.java:3285)
	at oracle.jdbc.driver.OraclePreparedStatement.execute(OraclePreparedStatement.java:3390)
	at org.apache.commons.dbcp.DelegatingPreparedStatement.execute(DelegatingPreparedStatement.java:172)
	at org.apache.commons.dbcp.DelegatingPreparedStatement.execute(DelegatingPreparedStatement.java:172)
	at sun.reflect.GeneratedMethodAccessor47.invoke(Unknown Source)
	at sun.reflect.DelegatingMethodAccessorImpl.invoke(DelegatingMethodAccessorImpl.java:25)
	at java.lang.reflect.Method.invoke(Method.java:597)
	at com.ibatis.common.jdbc.logging.PreparedStatementLogProxy.invoke(PreparedStatementLogProxy.java:62)
	at $Proxy23.execute(Unknown Source)
	at com.ibatis.sqlmap.engine.execution.SqlExecutor.executeUpdate(SqlExecutor.java:80)
	at com.ibatis.sqlmap.engine.mapping.statement.MappedStatement.sqlExecuteUpdate(MappedStatement.java:216)
	at com.ibatis.sqlmap.engine.mapping.statement.MappedStatement.executeUpdate(MappedStatement.java:94)
	... 60 more
