org.springframework.jdbc.BadSqlGrammarException: SqlMapClient operation; bad SQL grammar []; nested exception is com.ibatis.common.jdbc.exception.NestedSQLException:   
--- The error occurred in sqlmap/sql/common/Dummy_SQL.xml.  
--- The error occurred while applying a parameter map.  
--- Check the sampleDAO.selectCommentCount-InlineParameterMap.  
--- Check the statement (query failed).  
--- Cause: java.sql.SQLException: ORA-00904: "COM_COMMENT"."COM_BBS_SEQ": 부적합한 식별자

	at org.springframework.jdbc.support.SQLErrorCodeSQLExceptionTranslator.doTranslate(SQLErrorCodeSQLExceptionTranslator.java:233)
	at org.springframework.jdbc.support.AbstractFallbackSQLExceptionTranslator.translate(AbstractFallbackSQLExceptionTranslator.java:72)
	at org.springframework.orm.ibatis.SqlMapClientTemplate.execute(SqlMapClientTemplate.java:203)
	at org.springframework.orm.ibatis.SqlMapClientTemplate.queryForObject(SqlMapClientTemplate.java:268)
	at com.devBoard.sample.dao.SampleDAO.commentCount(SampleDAO.java:123)
	at com.devBoard.sample.service.impl.EgovSampleServiceImpl.commentCount(EgovSampleServiceImpl.java:166)
	at sun.reflect.NativeMethodAccessorImpl.invoke0(Native Method)
	at sun.reflect.NativeMethodAccessorImpl.invoke(NativeMethodAccessorImpl.java:39)
	at sun.reflect.DelegatingMethodAccessorImpl.invoke(DelegatingMethodAccessorImpl.java:25)
	at java.lang.reflect.Method.invoke(Method.java:597)
	at org.springframework.aop.support.AopUtils.invokeJoinpointUsingReflection(AopUtils.java:309)
	at org.springframework.aop.framework.ReflectiveMethodInvocation.invokeJoinpoint(ReflectiveMethodInvocation.java:183)
	at org.springframework.aop.framework.ReflectiveMethodInvocation.proceed(ReflectiveMethodInvocation.java:150)
	at org.springframework.transaction.interceptor.TransactionInterceptor.invoke(TransactionInterceptor.java:110)
	at org.springframework.aop.framework.ReflectiveMethodInvocation.proceed(ReflectiveMethodInvocation.java:172)
	at org.springframework.aop.aspectj.AspectJAfterThrowingAdvice.invoke(AspectJAfterThrowingAdvice.java:55)
	at org.springframework.aop.framework.ReflectiveMethodInvocation.proceed(ReflectiveMethodInvocation.java:172)
	at org.springframework.aop.interceptor.ExposeInvocationInterceptor.invoke(ExposeInvocationInterceptor.java:89)
	at org.springframework.aop.framework.ReflectiveMethodInvocation.proceed(ReflectiveMethodInvocation.java:172)
	at org.springframework.aop.framework.JdkDynamicAopProxy.invoke(JdkDynamicAopProxy.java:202)
	at $Proxy15.commentCount(Unknown Source)
	at com.devBoard.sample.controller.EgovSampleController.retrieveSample(EgovSampleController.java:140)
	at sun.reflect.NativeMethodAccessorImpl.invoke0(Native Method)
	at sun.reflect.NativeMethodAccessorImpl.invoke(NativeMethodAccessorImpl.java:39)
	at sun.reflect.DelegatingMethodAccessorImpl.invoke(DelegatingMethodAccessorImpl.java:25)
	at java.lang.reflect.Method.invoke(Method.java:597)
	at org.springframework.web.bind.annotation.support.HandlerMethodInvoker.invokeHandlerMethod(HandlerMethodInvoker.java:176)
	at org.springframework.web.servlet.mvc.annotation.AnnotationMethodHandlerAdapter.invokeHandlerMethod(AnnotationMethodHandlerAdapter.java:426)
	at org.springframework.web.servlet.mvc.annotation.AnnotationMethodHandlerAdapter.handle(AnnotationMethodHandlerAdapter.java:414)
	at org.springframework.web.servlet.DispatcherServlet.doDispatch(DispatcherServlet.java:790)
	at com.devBoard.framework.web.servlet.ExDispatcherServlet.doDispatch(ExDispatcherServlet.java:42)
	at org.springframework.web.servlet.DispatcherServlet.doService(DispatcherServlet.java:719)
	at org.springframework.web.servlet.FrameworkServlet.processRequest(FrameworkServlet.java:644)
	at org.springframework.web.servlet.FrameworkServlet.doPost(FrameworkServlet.java:560)
	at javax.servlet.http.HttpServlet.service(HttpServlet.java:710)
	at javax.servlet.http.HttpServlet.service(HttpServlet.java:803)
	at org.apache.catalina.core.ApplicationFilterChain.internalDoFilter(ApplicationFilterChain.java:290)
	at org.apache.catalina.core.ApplicationFilterChain.doFilter(ApplicationFilterChain.java:206)
	at com.devBoard.common.filter.AuthorityFilter.doFilter(AuthorityFilter.java:84)
	at org.apache.catalina.core.ApplicationFilterChain.internalDoFilter(ApplicationFilterChain.java:235)
	at org.apache.catalina.core.ApplicationFilterChain.doFilter(ApplicationFilterChain.java:206)
	at com.devBoard.common.filter.AccessFilter.doFilter(AccessFilter.java:106)
	at org.apache.catalina.core.ApplicationFilterChain.internalDoFilter(ApplicationFilterChain.java:235)
	at org.apache.catalina.core.ApplicationFilterChain.doFilter(ApplicationFilterChain.java:206)
	at org.springframework.web.filter.CharacterEncodingFilter.doFilterInternal(CharacterEncodingFilter.java:88)
	at org.springframework.web.filter.OncePerRequestFilter.doFilter(OncePerRequestFilter.java:76)
	at org.apache.catalina.core.ApplicationFilterChain.internalDoFilter(ApplicationFilterChain.java:235)
	at org.apache.catalina.core.ApplicationFilterChain.doFilter(ApplicationFilterChain.java:206)
	at org.apache.catalina.core.StandardWrapperValve.invoke(StandardWrapperValve.java:233)
	at org.apache.catalina.core.StandardContextValve.invoke(StandardContextValve.java:175)
	at org.apache.catalina.core.StandardHostValve.invoke(StandardHostValve.java:128)
	at org.apache.catalina.valves.ErrorReportValve.invoke(ErrorReportValve.java:102)
	at org.apache.catalina.core.StandardEngineValve.invoke(StandardEngineValve.java:109)
	at org.apache.catalina.connector.CoyoteAdapter.service(CoyoteAdapter.java:263)
	at org.apache.coyote.http11.Http11Processor.process(Http11Processor.java:844)
	at org.apache.coyote.http11.Http11Protocol$Http11ConnectionHandler.process(Http11Protocol.java:584)
	at org.apache.tomcat.util.net.JIoEndpoint$Worker.run(JIoEndpoint.java:447)
	at java.lang.Thread.run(Thread.java:662)
Caused by: com.ibatis.common.jdbc.exception.NestedSQLException:   
--- The error occurred in sqlmap/sql/common/Dummy_SQL.xml.  
--- The error occurred while applying a parameter map.  
--- Check the sampleDAO.selectCommentCount-InlineParameterMap.  
--- Check the statement (query failed).  
--- Cause: java.sql.SQLException: ORA-00904: "COM_COMMENT"."COM_BBS_SEQ": 부적합한 식별자

	at com.ibatis.sqlmap.engine.mapping.statement.MappedStatement.executeQueryWithCallback(MappedStatement.java:201)
	at com.ibatis.sqlmap.engine.mapping.statement.MappedStatement.executeQueryForObject(MappedStatement.java:120)
	at com.ibatis.sqlmap.engine.impl.SqlMapExecutorDelegate.queryForObject(SqlMapExecutorDelegate.java:518)
	at com.ibatis.sqlmap.engine.impl.SqlMapExecutorDelegate.queryForObject(SqlMapExecutorDelegate.java:493)
	at com.ibatis.sqlmap.engine.impl.SqlMapSessionImpl.queryForObject(SqlMapSessionImpl.java:106)
	at org.springframework.orm.ibatis.SqlMapClientTemplate$1.doInSqlMapClient(SqlMapClientTemplate.java:270)
	at org.springframework.orm.ibatis.SqlMapClientTemplate.execute(SqlMapClientTemplate.java:200)
	... 55 more
Caused by: java.sql.SQLException: ORA-00904: "COM_COMMENT"."COM_BBS_SEQ": 부적합한 식별자

	at oracle.jdbc.driver.DatabaseError.throwSqlException(DatabaseError.java:112)
	at oracle.jdbc.driver.T4CTTIoer.processError(T4CTTIoer.java:331)
	at oracle.jdbc.driver.T4CTTIoer.processError(T4CTTIoer.java:288)
	at oracle.jdbc.driver.T4C8Oall.receive(T4C8Oall.java:743)
	at oracle.jdbc.driver.T4CPreparedStatement.doOall8(T4CPreparedStatement.java:216)
	at oracle.jdbc.driver.T4CPreparedStatement.executeForDescribe(T4CPreparedStatement.java:799)
	at oracle.jdbc.driver.OracleStatement.executeMaybeDescribe(OracleStatement.java:1038)
	at oracle.jdbc.driver.T4CPreparedStatement.executeMaybeDescribe(T4CPreparedStatement.java:839)
	at oracle.jdbc.driver.OracleStatement.doExecuteWithTimeout(OracleStatement.java:1133)
	at oracle.jdbc.driver.OraclePreparedStatement.executeInternal(OraclePreparedStatement.java:3285)
	at oracle.jdbc.driver.OraclePreparedStatement.execute(OraclePreparedStatement.java:3390)
	at org.apache.commons.dbcp.DelegatingPreparedStatement.execute(DelegatingPreparedStatement.java:172)
	at org.apache.commons.dbcp.DelegatingPreparedStatement.execute(DelegatingPreparedStatement.java:172)
	at sun.reflect.NativeMethodAccessorImpl.invoke0(Native Method)
	at sun.reflect.NativeMethodAccessorImpl.invoke(NativeMethodAccessorImpl.java:39)
	at sun.reflect.DelegatingMethodAccessorImpl.invoke(DelegatingMethodAccessorImpl.java:25)
	at java.lang.reflect.Method.invoke(Method.java:597)
	at com.ibatis.common.jdbc.logging.PreparedStatementLogProxy.invoke(PreparedStatementLogProxy.java:62)
	at $Proxy23.execute(Unknown Source)
	at com.ibatis.sqlmap.engine.execution.SqlExecutor.executeQuery(SqlExecutor.java:185)
	at com.ibatis.sqlmap.engine.mapping.statement.MappedStatement.sqlExecuteQuery(MappedStatement.java:221)
	at com.ibatis.sqlmap.engine.mapping.statement.MappedStatement.executeQueryWithCallback(MappedStatement.java:189)
	... 61 more
