org.springframework.jdbc.BadSqlGrammarException: SqlMapClient operation; bad SQL grammar []; nested exception is com.ibatis.common.jdbc.exception.NestedSQLException:   
--- The error occurred in sqlmap/sql/common/Dummy_SQL.xml.  
--- The error occurred while applying a result map.  
--- Check the ComBbs.comBbsListMap.  
--- Check the result mapping for the 'comCnt' property.  
--- Cause: java.sql.SQLException: 부적합한 열 이름
	at org.springframework.jdbc.support.SQLErrorCodeSQLExceptionTranslator.doTranslate(SQLErrorCodeSQLExceptionTranslator.java:233)
	at org.springframework.jdbc.support.AbstractFallbackSQLExceptionTranslator.translate(AbstractFallbackSQLExceptionTranslator.java:72)
	at org.springframework.orm.ibatis.SqlMapClientTemplate.execute(SqlMapClientTemplate.java:203)
	at org.springframework.orm.ibatis.SqlMapClientTemplate.queryForList(SqlMapClientTemplate.java:293)
	at egovframework.rte.psl.dataaccess.EgovAbstractDAO.list(EgovAbstractDAO.java:146)
	at com.devBoard.comBbs.dao.ComBbsDAO.selectComBbsList(ComBbsDAO.java:37)
	at com.devBoard.comBbs.service.impl.ComBbsServiceImpl.retrieveComBbsList(ComBbsServiceImpl.java:48)
	at sun.reflect.NativeMethodAccessorImpl.invoke0(Native Method)
	at sun.reflect.NativeMethodAccessorImpl.invoke(NativeMethodAccessorImpl.java:39)
	at sun.reflect.DelegatingMethodAccessorImpl.invoke(DelegatingMethodAccessorImpl.java:25)
	at java.lang.reflect.Method.invoke(Method.java:597)
	at org.springframework.aop.support.AopUtils.invokeJoinpointUsingReflection(AopUtils.java:309)
	at org.springframework.aop.framework.ReflectiveMethodInvocation.invokeJoinpoint(ReflectiveMethodInvocation.java:183)
	at org.springframework.aop.framework.ReflectiveMethodInvocation.proceed(ReflectiveMethodInvocation.java:150)
	at org.springframework.transaction.interceptor.TransactionInterceptor.invoke(TransactionInterceptor.java:110)
	at org.springframework.aop.framework.ReflectiveMethodInvocation.proceed(ReflectiveMethodInvocation.java:172)
	at org.springframework.aop.aspectj.AspectJAfterThrowingAdvice.invoke(AspectJAfterThrowingAdvice.java:55)
	at org.springframework.aop.framework.ReflectiveMethodInvocation.proceed(ReflectiveMethodInvocation.java:172)
	at org.springframework.aop.interceptor.ExposeInvocationInterceptor.invoke(ExposeInvocationInterceptor.java:89)
	at org.springframework.aop.framework.ReflectiveMethodInvocation.proceed(ReflectiveMethodInvocation.java:172)
	at org.springframework.aop.framework.JdkDynamicAopProxy.invoke(JdkDynamicAopProxy.java:202)
	at $Proxy12.retrieveComBbsList(Unknown Source)
	at com.devBoard.comBbs.controller.ComBbsController.retrieveComBbsList(ComBbsController.java:81)
	at sun.reflect.NativeMethodAccessorImpl.invoke0(Native Method)
	at sun.reflect.NativeMethodAccessorImpl.invoke(NativeMethodAccessorImpl.java:39)
	at sun.reflect.DelegatingMethodAccessorImpl.invoke(DelegatingMethodAccessorImpl.java:25)
	at java.lang.reflect.Method.invoke(Method.java:597)
	at org.springframework.web.bind.annotation.support.HandlerMethodInvoker.invokeHandlerMethod(HandlerMethodInvoker.java:176)
	at org.springframework.web.servlet.mvc.annotation.AnnotationMethodHandlerAdapter.invokeHandlerMethod(AnnotationMethodHandlerAdapter.java:426)
	at org.springframework.web.servlet.mvc.annotation.AnnotationMethodHandlerAdapter.handle(AnnotationMethodHandlerAdapter.java:414)
	at org.springframework.web.servlet.DispatcherServlet.doDispatch(DispatcherServlet.java:790)
	at com.devBoard.framework.web.servlet.ExDispatcherServlet.doDispatch(ExDispatcherServlet.java:42)
	at org.springframework.web.servlet.DispatcherServlet.doService(DispatcherServlet.java:719)
	at org.springframework.web.servlet.FrameworkServlet.processRequest(FrameworkServlet.java:644)
	at org.springframework.web.servlet.FrameworkServlet.doGet(FrameworkServlet.java:549)
	at javax.servlet.http.HttpServlet.service(HttpServlet.java:690)
	at javax.servlet.http.HttpServlet.service(HttpServlet.java:803)
	at org.apache.catalina.core.ApplicationFilterChain.internalDoFilter(ApplicationFilterChain.java:290)
	at org.apache.catalina.core.ApplicationFilterChain.doFilter(ApplicationFilterChain.java:206)
	at com.devBoard.common.filter.AuthorityFilter.doFilter(AuthorityFilter.java:84)
	at org.apache.catalina.core.ApplicationFilterChain.internalDoFilter(ApplicationFilterChain.java:235)
	at org.apache.catalina.core.ApplicationFilterChain.doFilter(ApplicationFilterChain.java:206)
	at com.devBoard.common.filter.AccessFilter.doFilter(AccessFilter.java:106)
	at org.apache.catalina.core.ApplicationFilterChain.internalDoFilter(ApplicationFilterChain.java:235)
	at org.apache.catalina.core.ApplicationFilterChain.doFilter(ApplicationFilterChain.java:206)
	at org.springframework.web.filter.CharacterEncodingFilter.doFilterInternal(CharacterEncodingFilter.java:88)
	at org.springframework.web.filter.OncePerRequestFilter.doFilter(OncePerRequestFilter.java:76)
	at org.apache.catalina.core.ApplicationFilterChain.internalDoFilter(ApplicationFilterChain.java:235)
	at org.apache.catalina.core.ApplicationFilterChain.doFilter(ApplicationFilterChain.java:206)
	at org.apache.catalina.core.StandardWrapperValve.invoke(StandardWrapperValve.java:233)
	at org.apache.catalina.core.StandardContextValve.invoke(StandardContextValve.java:175)
	at org.apache.catalina.core.StandardHostValve.invoke(StandardHostValve.java:128)
	at org.apache.catalina.valves.ErrorReportValve.invoke(ErrorReportValve.java:102)
	at org.apache.catalina.core.StandardEngineValve.invoke(StandardEngineValve.java:109)
	at org.apache.catalina.connector.CoyoteAdapter.service(CoyoteAdapter.java:263)
	at org.apache.coyote.http11.Http11Processor.process(Http11Processor.java:844)
	at org.apache.coyote.http11.Http11Protocol$Http11ConnectionHandler.process(Http11Protocol.java:584)
	at org.apache.tomcat.util.net.JIoEndpoint$Worker.run(JIoEndpoint.java:447)
	at java.lang.Thread.run(Thread.java:662)
Caused by: com.ibatis.common.jdbc.exception.NestedSQLException:   
--- The error occurred in sqlmap/sql/common/Dummy_SQL.xml.  
--- The error occurred while applying a result map.  
--- Check the ComBbs.comBbsListMap.  
--- Check the result mapping for the 'comCnt' property.  
--- Cause: java.sql.SQLException: 부적합한 열 이름
	at com.ibatis.sqlmap.engine.mapping.statement.MappedStatement.executeQueryWithCallback(MappedStatement.java:201)
	at com.ibatis.sqlmap.engine.mapping.statement.MappedStatement.executeQueryForList(MappedStatement.java:139)
	at com.ibatis.sqlmap.engine.impl.SqlMapExecutorDelegate.queryForList(SqlMapExecutorDelegate.java:567)
	at com.ibatis.sqlmap.engine.impl.SqlMapExecutorDelegate.queryForList(SqlMapExecutorDelegate.java:541)
	at com.ibatis.sqlmap.engine.impl.SqlMapSessionImpl.queryForList(SqlMapSessionImpl.java:118)
	at org.springframework.orm.ibatis.SqlMapClientTemplate$3.doInSqlMapClient(SqlMapClientTemplate.java:295)
	at org.springframework.orm.ibatis.SqlMapClientTemplate$3.doInSqlMapClient(SqlMapClientTemplate.java:1)
	at org.springframework.orm.ibatis.SqlMapClientTemplate.execute(SqlMapClientTemplate.java:200)
	... 56 more
Caused by: java.sql.SQLException: 부적합한 열 이름
	at oracle.jdbc.driver.DatabaseError.throwSqlException(DatabaseError.java:112)
	at oracle.jdbc.driver.DatabaseError.throwSqlException(DatabaseError.java:146)
	at oracle.jdbc.driver.DatabaseError.throwSqlException(DatabaseError.java:208)
	at oracle.jdbc.driver.OracleStatement.getColumnIndex(OracleStatement.java:3296)
	at oracle.jdbc.driver.OracleResultSetImpl.findColumn(OracleResultSetImpl.java:1914)
	at oracle.jdbc.driver.OracleResultSet.getInt(OracleResultSet.java:1563)
	at org.apache.commons.dbcp.DelegatingResultSet.getInt(DelegatingResultSet.java:275)
	at org.apache.commons.dbcp.DelegatingResultSet.getInt(DelegatingResultSet.java:275)
	at sun.reflect.NativeMethodAccessorImpl.invoke0(Native Method)
	at sun.reflect.NativeMethodAccessorImpl.invoke(NativeMethodAccessorImpl.java:39)
	at sun.reflect.DelegatingMethodAccessorImpl.invoke(DelegatingMethodAccessorImpl.java:25)
	at java.lang.reflect.Method.invoke(Method.java:597)
	at com.ibatis.common.jdbc.logging.ResultSetLogProxy.invoke(ResultSetLogProxy.java:47)
	at $Proxy24.getInt(Unknown Source)
	at com.ibatis.sqlmap.engine.type.IntegerTypeHandler.getResult(IntegerTypeHandler.java:35)
	at com.ibatis.sqlmap.engine.mapping.result.ResultMap.getPrimitiveResultMappingValue(ResultMap.java:619)
	at com.ibatis.sqlmap.engine.mapping.result.ResultMap.getResults(ResultMap.java:345)
	at com.ibatis.sqlmap.engine.execution.SqlExecutor.handleResults(SqlExecutor.java:384)
	at com.ibatis.sqlmap.engine.execution.SqlExecutor.handleMultipleResults(SqlExecutor.java:300)
	at com.ibatis.sqlmap.engine.execution.SqlExecutor.executeQuery(SqlExecutor.java:189)
	at com.ibatis.sqlmap.engine.mapping.statement.MappedStatement.sqlExecuteQuery(MappedStatement.java:221)
	at com.ibatis.sqlmap.engine.mapping.statement.MappedStatement.executeQueryWithCallback(MappedStatement.java:189)
	... 63 more
